               #include "c:/vcast/mingw/include/stdio.h"
               extern int send_can_msg(void *);
               extern int send_enet_msg(void *);
               extern int send_serial_msg(void *);
               enum e_msg_type
               {
                   CAN_BUS,
                   ENET,
                   SERIAL,
                   INVALID
               };
               typedef enum e_msg_type t_msg_type;
               int route_msg(t_msg_type msg_type, void *msg)
               {
                   int rc;
1 0     ( )    route_msg
1 1     ( )( )   if (msg_type >= INVALID)
                   {
1 2                return(-1);
                   }
1 3              switch (msg_type)
                   {
1 4     ( )        case CAN_BUS:
1 5                  rc = send_can_msg(msg);
1 6                  break;
1 7     ( )        case ENET:
1 8                  rc = send_enet_msg(msg);
1 9                  break;
1 10    ( )        case SERIAL:
1 11                 rc = send_serial_msg(msg);
1 12                 break;
1 13    ( )        default:
1 14                 printf("\nBad Message Type");
1 15                 rc = -1;
                   }
1 16             return(rc);
               }
