COMMAND: C:/VCAST/enviroedg.exe C:/VCAST/Environments/Git_Test/MinGW_WorkDir/EndResults/build/348150565/MGR_COVER.env
DIRECTORY: C:/VCAST/Environments/Git_Test/MinGW_WorkDir/EndResults/build/348150565
TIME: 2021-04-05 15:34:38
TEST SUITE: VectorCAST_MinGW_C++/UnitTestSuiite
-----------------------------Process Environment------------------------------
Path=C:\VCAST\MinGW\bin;C:\Program Files\Common Files\Oracle\Java\javapath;C:\WINDOWS\system32;C:\WINDOWS;C:\WINDOWS\System32\Wbem;C:\WINDOWS\System32\WindowsPowerShell\v1.0\;C:\WINDOWS\System32\OpenSSH\;C:\Program Files\Microsoft SQL Server\130\Tools\Binn\;C:\Program Files\Git\cmd;C:\WINDOWS\system32\config\systemprofile\AppData\Local\Microsoft\WindowsApps
VCAST_MANAGE_PROJECT_DIRECTORY=C:\VCAST\Environments\Git_Test\MinGW_WorkDir\EndResults
---------------------------End Process Environment----------------------------
**Environment Builder Version 20.sp6 (02/02/21)
    Processing options file c:\VCAST\Environments\Git_Test\MinGW_WorkDir\EndResults\build\348150565\CCAST_.CFG
    Reading environment script "C:/VCAST/Environments/Git_Test/MinGW_WorkDir/EndResults/build/348150565/MGR_COVER.env"
    Initializing search list
    Creating the Environment Directory
    Creating Environment "MGR_COVER"
    Unit 8 (not-stubbed): User Defined Globals
       Parsing 
       Initializing parse data
       Generating harness code
       Saving unit data
    Parsing manager
    Unit 9 (stub-by-function): manager
       Loading stored IL
       Initializing parse data
       Generating harness code
       Saving unit data
    Compiling file VECTORCAST_IO
    Compiling file User Defined Globals
    Compiling file Data File Number 1
    Compiling file Data File Number 2
    Compiling file Driver
    Compiling file User Defined Package
    Setting Up Statement+Branch Coverage
    Instrumenting file manager
    Compiling file manager
    Compiling file Data File Number 1
    Linking Instrumented Harness
    Coverage Initialized
    Writing VectorCAST Database Files to Disk
    Environment built Successfully
COMMAND: C:\VCAST\clicast.exe -e MGR_COVER -l CPLUSPLUS test script convert C:/VCAST/Environments/Git_Test/MinGW_WorkDir/EndResults/build/348150565/MGR_COVER.tst.tmp
DIRECTORY: C:/VCAST/Environments/Git_Test/MinGW_WorkDir/EndResults/build/348150565
TIME: 2021-04-05 15:34:42
TEST SUITE: VectorCAST_MinGW_C++/UnitTestSuiite
-----------------------------Process Environment------------------------------
Path=C:\VCAST\MinGW\bin;C:\Program Files\Common Files\Oracle\Java\javapath;C:\WINDOWS\system32;C:\WINDOWS;C:\WINDOWS\System32\Wbem;C:\WINDOWS\System32\WindowsPowerShell\v1.0\;C:\WINDOWS\System32\OpenSSH\;C:\Program Files\Microsoft SQL Server\130\Tools\Binn\;C:\Program Files\Git\cmd;C:\WINDOWS\system32\config\systemprofile\AppData\Local\Microsoft\WindowsApps
VCAST_MANAGE_PROJECT_DIRECTORY=C:\VCAST\Environments\Git_Test\MinGW_WorkDir\EndResults
---------------------------End Process Environment----------------------------
VectorCAST Copyright (C) 1993 - 2021
**Version 20.sp6 (02/02/21)
    Processing options file c:\VCAST\Environments\Git_Test\MinGW_WorkDir\EndResults\build\348150565\CCAST_.CFG
    Opening Environment
    Determining Size/Range Information
    Opening Parameter/Global File
    Opening Types File
    Running Test with command: c:\VCAST\Environments\Git_Test\MinGW_WorkDir\EndResults\build\348150565\MGR_COVER\UUT_INST.EXE
    Building Master Min Mid Max data.
    Opening Parameter/Global File
    Opening Types File
    Environment is Open
    Processing Script File
    Test Script Maintenance Started
    Test Script Maintenance Complete (0)
    Translated 0 script lines
    Processing script line 50
    Script Creation Completed
--------------------------------------------------------------------------------
Test Script Log
--------------------------------------------------------------------------------
(I) @LINE: 1
    >>> Opening script file C:\VCAST\Environments\Git_Test\MinGW_WorkDir\EndResults\build\348150565\MGR_COVER.tst.tmp
(I) @LINE: 31
    >>> Processing Test Case: FreeCake
(S) @LINE: 38
    >>> Processed Test Case: FreeCake
(I) @LINE: 44
    >>> Processing Test Case: FreePie
(S) @LINE: 50
    >>> Processed Test Case: FreePie
(I) @LINE: 56
    >>> Processing Test Case: NoDessert
(S) @LINE: 60
    >>> Processed Test Case: NoDessert
(I) @LINE: 68
    >>> Processing Test Case: Add_Tax_Tip.001
(S) @LINE: 69
    >>> Processed Test Case: Add_Tax_Tip.001
(I) @LINE: 77
    >>> Processing Test Case: Chicken
(S) @LINE: 80
    >>> Processed Test Case: Chicken
(I) @LINE: 86
    >>> Processing Test Case: InvalidOrder
(S) @LINE: 87
    >>> Warning: Setting data to out-of-range value.  The value 1000 does not correspond to an enumeral value.
(S) @LINE: 89
    >>> Processed Test Case: InvalidOrder
(I) @LINE: 95
    >>> Processing Test Case: Lobster
(S) @LINE: 98
    >>> Processed Test Case: Lobster
(I) @LINE: 104
    >>> Processing Test Case: NoEntree
(S) @LINE: 107
    >>> Processed Test Case: NoEntree
(I) @LINE: 113
    >>> Processing Test Case: Pasta
(S) @LINE: 116
    >>> Processed Test Case: Pasta
(I) @LINE: 122
    >>> Processing Test Case: SEG_FAULT
(S) @LINE: 125
    >>> Processed Test Case: SEG_FAULT
(I) @LINE: 131
    >>> Processing Test Case: Steak
(S) @LINE: 134
    >>> Processed Test Case: Steak
(S) @LINE: 134
    >>> Script processing completed
COMMAND: C:\VCAST\clicast.exe -e MGR_COVER test script create C:/VCAST/Environments/Git_Test/MinGW_WorkDir/EndResults/build/348150565/MGR_COVER.tst
DIRECTORY: C:/VCAST/Environments/Git_Test/MinGW_WorkDir/EndResults/build/348150565
TIME: 2021-04-05 15:34:43
TEST SUITE: VectorCAST_MinGW_C++/UnitTestSuiite
-----------------------------Process Environment------------------------------
Path=C:\VCAST\MinGW\bin;C:\Program Files\Common Files\Oracle\Java\javapath;C:\WINDOWS\system32;C:\WINDOWS;C:\WINDOWS\System32\Wbem;C:\WINDOWS\System32\WindowsPowerShell\v1.0\;C:\WINDOWS\System32\OpenSSH\;C:\Program Files\Microsoft SQL Server\130\Tools\Binn\;C:\Program Files\Git\cmd;C:\WINDOWS\system32\config\systemprofile\AppData\Local\Microsoft\WindowsApps
VCAST_MANAGE_PROJECT_DIRECTORY=C:\VCAST\Environments\Git_Test\MinGW_WorkDir\EndResults
---------------------------End Process Environment----------------------------
VectorCAST Copyright (C) 1993 - 2021
**Version 20.sp6 (02/02/21)
    Processing options file c:\VCAST\Environments\Git_Test\MinGW_WorkDir\EndResults\build\348150565\CCAST_.CFG
    Opening Environment
    Opening Parameter/Global File
    Opening Types File
    Environment is Open
    Creating Script File
    Building Test Case Script
    Test Case Script Created
    Script processing completed
