COMMAND: C:\VCAST\clicast.exe -e MGR_COVER -l CPLUSPLUS execute incremental
DIRECTORY: C:/VCAST/Environments/Git_Test/MinGW_WorkDir/EndResults/build/348150565
TIME: 2021-04-05 15:34:44
TEST SUITE: VectorCAST_MinGW_C++/UnitTestSuiite
-----------------------------Process Environment------------------------------
Path=C:\VCAST\MinGW\bin;C:\Program Files\Common Files\Oracle\Java\javapath;C:\WINDOWS\system32;C:\WINDOWS;C:\WINDOWS\System32\Wbem;C:\WINDOWS\System32\WindowsPowerShell\v1.0\;C:\WINDOWS\System32\OpenSSH\;C:\Program Files\Microsoft SQL Server\130\Tools\Binn\;C:\Program Files\Git\cmd;C:\WINDOWS\system32\config\systemprofile\AppData\Local\Microsoft\WindowsApps
VCAST_MANAGE_PROJECT_DIRECTORY=C:\VCAST\Environments\Git_Test\MinGW_WorkDir\EndResults
---------------------------End Process Environment----------------------------
VectorCAST Copyright (C) 1993 - 2021
**Version 20.sp6 (02/02/21)
    Processing options file c:\VCAST\Environments\Git_Test\MinGW_WorkDir\EndResults\build\348150565\CCAST_.CFG
    Opening Environment
    Opening Parameter/Global File
    Opening Types File
    Environment is Open
    Running all manager.Add_Tax_Tip test cases
    Running: Add_Tax_Tip.001
    Preparing Test Data
    Running Test Case
    Running Test with command: c:\VCAST\Environments\Git_Test\MinGW_WorkDir\EndResults\build\348150565\MGR_COVER\UUT_INST.EXE
    Processing Execution Data
    Updating Coverage Data
    Test Execution Complete
    Running all manager.Add_Included_Dessert test cases
    Running: FreeCake
    Preparing Test Data
    Running Test Case
    Running Test with command: c:\VCAST\Environments\Git_Test\MinGW_WorkDir\EndResults\build\348150565\MGR_COVER\UUT_INST.EXE
    Processing Execution Data
    Updating Coverage Data
    Test Execution Complete
    Running: FreePie
    Preparing Test Data
    Running Test Case
    Running Test with command: c:\VCAST\Environments\Git_Test\MinGW_WorkDir\EndResults\build\348150565\MGR_COVER\UUT_INST.EXE
    Processing Execution Data
    Updating Coverage Data
    Test Execution Complete
    Running: NoDessert
    Preparing Test Data
    Running Test Case
    Running Test with command: c:\VCAST\Environments\Git_Test\MinGW_WorkDir\EndResults\build\348150565\MGR_COVER\UUT_INST.EXE
    Processing Execution Data
    Updating Coverage Data
    Test Execution Complete
    Running all manager.Place_Order test cases
    Running: Chicken
    Preparing Test Data
    Running Test Case
    Running Test with command: c:\VCAST\Environments\Git_Test\MinGW_WorkDir\EndResults\build\348150565\MGR_COVER\UUT_INST.EXE
    Processing Execution Data
    Updating Coverage Data
    Test Execution Complete
    Running: InvalidOrder
    Preparing Test Data
    Running Test Case
    Running Test with command: c:\VCAST\Environments\Git_Test\MinGW_WorkDir\EndResults\build\348150565\MGR_COVER\UUT_INST.EXE
    Processing Execution Data
    Updating Coverage Data
    Test Execution Complete
    Running: Lobster
    Preparing Test Data
    Running Test Case
    Running Test with command: c:\VCAST\Environments\Git_Test\MinGW_WorkDir\EndResults\build\348150565\MGR_COVER\UUT_INST.EXE
    Processing Execution Data
    Updating Coverage Data
    Test Execution Complete
    Running: NoEntree
    Preparing Test Data
    Running Test Case
    Running Test with command: c:\VCAST\Environments\Git_Test\MinGW_WorkDir\EndResults\build\348150565\MGR_COVER\UUT_INST.EXE
    Processing Execution Data
    Updating Coverage Data
    Test Execution Complete
    Running: Pasta
    Preparing Test Data
    Running Test Case
    Running Test with command: c:\VCAST\Environments\Git_Test\MinGW_WorkDir\EndResults\build\348150565\MGR_COVER\UUT_INST.EXE
    Processing Execution Data
    Updating Coverage Data
    Test Execution Complete
    Running: SEG_FAULT
    Preparing Test Data
    Running Test Case
    Running Test with command: c:\VCAST\Environments\Git_Test\MinGW_WorkDir\EndResults\build\348150565\MGR_COVER\UUT_INST.EXE
    Processing Execution Data
    Updating Coverage Data
    Test Execution Complete
    Running: Steak
    Preparing Test Data
    Running Test Case
    Running Test with command: c:\VCAST\Environments\Git_Test\MinGW_WorkDir\EndResults\build\348150565\MGR_COVER\UUT_INST.EXE
    Processing Execution Data
    Updating Coverage Data
    Test Execution Complete
    Completed Incremental Execution processing
EXIT_CODE: 28
