COMMAND: C:\VCAST\clicast.exe -e MGR_UT1 -l CPLUSPLUS execute incremental
DIRECTORY: C:/VCAST/Environments/Git_Test/MinGW_WorkDir/EndResults/build/1642031031
TIME: 2021-04-05 15:34:53
TEST SUITE: VectorCAST_MinGW_C++/UnitTestSuiite
-----------------------------Process Environment------------------------------
Path=C:\VCAST\MinGW\bin;C:\Program Files\Common Files\Oracle\Java\javapath;C:\WINDOWS\system32;C:\WINDOWS;C:\WINDOWS\System32\Wbem;C:\WINDOWS\System32\WindowsPowerShell\v1.0\;C:\WINDOWS\System32\OpenSSH\;C:\Program Files\Microsoft SQL Server\130\Tools\Binn\;C:\Program Files\Git\cmd;C:\WINDOWS\system32\config\systemprofile\AppData\Local\Microsoft\WindowsApps
VCAST_MANAGE_PROJECT_DIRECTORY=C:\VCAST\Environments\Git_Test\MinGW_WorkDir\EndResults
---------------------------End Process Environment----------------------------
VectorCAST Copyright (C) 1993 - 2021
**Version 20.sp6 (02/02/21)
    Processing options file c:\VCAST\Environments\Git_Test\MinGW_WorkDir\EndResults\build\1642031031\CCAST_.CFG
    Opening Environment
    Opening Parameter/Global File
    Opening Types File
    Environment is Open
    Compiling file manager
    Linking Instrumented Harness
    User Code compiled into environment
    Running all <<COMPOUND>> test cases
    There are no slots in compound test <<COMPOUND>>.001.
    Running all manager.Add_Tax_Tip test cases
    Running: BASIS-PATH-001
    Preparing Test Data
    Running Test Case
    Running Test with command: c:\VCAST\Environments\Git_Test\MinGW_WorkDir\EndResults\build\1642031031\MGR_UT1\UUT_INST.EXE
    Processing Execution Data
    Updating Coverage Data
    Test Execution Complete
    Running: BASIS-PATH-002
    Preparing Test Data
    Running Test Case
    Running Test with command: c:\VCAST\Environments\Git_Test\MinGW_WorkDir\EndResults\build\1642031031\MGR_UT1\UUT_INST.EXE
    Processing Execution Data
    Updating Coverage Data
    Test Execution Complete
    Running: BASIS-PATH-003
    Preparing Test Data
    Running Test Case
    Running Test with command: c:\VCAST\Environments\Git_Test\MinGW_WorkDir\EndResults\build\1642031031\MGR_UT1\UUT_INST.EXE
    Processing Execution Data
    Updating Coverage Data
    Test Execution Complete
    Running: BASIS-PATH-004
    Preparing Test Data
    Running Test Case
    Running Test with command: c:\VCAST\Environments\Git_Test\MinGW_WorkDir\EndResults\build\1642031031\MGR_UT1\UUT_INST.EXE
    Processing Execution Data
    Updating Coverage Data
    Test Execution Complete
    Running: CheckStubValues
    Preparing Test Data
    Running Test Case
    Running Test with command: c:\VCAST\Environments\Git_Test\MinGW_WorkDir\EndResults\build\1642031031\MGR_UT1\UUT_INST.EXE
    Processing Execution Data
    Updating Coverage Data
    Test Execution Complete
    Running: Normal
    Preparing Test Data
    Running Test Case
    Running Test with command: c:\VCAST\Environments\Git_Test\MinGW_WorkDir\EndResults\build\1642031031\MGR_UT1\UUT_INST.EXE
    Processing Execution Data
    Updating Coverage Data
    Test Execution Complete
    Running: Normal.001
    Preparing Test Data
    Running Test Case
    Running Test with command: c:\VCAST\Environments\Git_Test\MinGW_WorkDir\EndResults\build\1642031031\MGR_UT1\UUT_INST.EXE
    Processing Execution Data
    Updating Coverage Data
    Test Execution Complete
    Running: TenPercentTax
    Preparing Test Data
    Running Test Case
    Running Test with command: c:\VCAST\Environments\Git_Test\MinGW_WorkDir\EndResults\build\1642031031\MGR_UT1\UUT_INST.EXE
    Processing Execution Data
    Updating Coverage Data
    Test Execution Complete
    Running: ZeroTax
    Preparing Test Data
    Running Test Case
    Running Test with command: c:\VCAST\Environments\Git_Test\MinGW_WorkDir\EndResults\build\1642031031\MGR_UT1\UUT_INST.EXE
    Processing Execution Data
    Updating Coverage Data
    Test Execution Complete
    Running all manager.Add_Included_Dessert test cases
    Running: COND_1_ROW_1_PAIR_a_TTT
    Preparing Test Data
    Running Test Case
    Running Test with command: c:\VCAST\Environments\Git_Test\MinGW_WorkDir\EndResults\build\1642031031\MGR_UT1\UUT_INST.EXE
    Processing Execution Data
    Updating Coverage Data
    Test Execution Complete
    Running: COND_1_ROW_2_PAIR_c_TTF
    Preparing Test Data
    Running Test Case
    Running Test with command: c:\VCAST\Environments\Git_Test\MinGW_WorkDir\EndResults\build\1642031031\MGR_UT1\UUT_INST.EXE
    Processing Execution Data
    Updating Coverage Data
    Test Execution Complete
    Running: COND_1_ROW_3_PAIR_b_TFx
    Preparing Test Data
    Running Test Case
    Running Test with command: c:\VCAST\Environments\Git_Test\MinGW_WorkDir\EndResults\build\1642031031\MGR_UT1\UUT_INST.EXE
    Processing Execution Data
    Updating Coverage Data
    Test Execution Complete
    Running: COND_1_ROW_5_PAIR_a_Fxx
    Preparing Test Data
    Running Test Case
    Running Test with command: c:\VCAST\Environments\Git_Test\MinGW_WorkDir\EndResults\build\1642031031\MGR_UT1\UUT_INST.EXE
    Processing Execution Data
    Updating Coverage Data
    Test Execution Complete
    Running: COND_2_ROW_1_PAIR_a_TTT
    Preparing Test Data
    Running Test Case
    Running Test with command: c:\VCAST\Environments\Git_Test\MinGW_WorkDir\EndResults\build\1642031031\MGR_UT1\UUT_INST.EXE
    Processing Execution Data
    Updating Coverage Data
    Test Execution Complete
    Running: COND_2_ROW_2_PAIR_c_TTF
    Preparing Test Data
    Running Test Case
    Running Test with command: c:\VCAST\Environments\Git_Test\MinGW_WorkDir\EndResults\build\1642031031\MGR_UT1\UUT_INST.EXE
    Processing Execution Data
    Updating Coverage Data
    Test Execution Complete
    Running: COND_2_ROW_3_PAIR_b_TFx
    Preparing Test Data
    Running Test Case
    Running Test with command: c:\VCAST\Environments\Git_Test\MinGW_WorkDir\EndResults\build\1642031031\MGR_UT1\UUT_INST.EXE
    Processing Execution Data
    Updating Coverage Data
    Test Execution Complete
    Running: COND_2_ROW_5_PAIR_a_Fxx
    Preparing Test Data
    Running Test Case
    Running Test with command: c:\VCAST\Environments\Git_Test\MinGW_WorkDir\EndResults\build\1642031031\MGR_UT1\UUT_INST.EXE
    Processing Execution Data
    Updating Coverage Data
    Test Execution Complete
    Running: Cake
    Preparing Test Data
    Running Test Case
    Running Test with command: c:\VCAST\Environments\Git_Test\MinGW_WorkDir\EndResults\build\1642031031\MGR_UT1\UUT_INST.EXE
    Processing Execution Data
    Updating Coverage Data
    Test Execution Complete
    Running: Neither
    Preparing Test Data
    Running Test Case
    Running Test with command: c:\VCAST\Environments\Git_Test\MinGW_WorkDir\EndResults\build\1642031031\MGR_UT1\UUT_INST.EXE
    Processing Execution Data
    Updating Coverage Data
    Test Execution Complete
    Running: Pie
    Preparing Test Data
    Running Test Case
    Running Test with command: c:\VCAST\Environments\Git_Test\MinGW_WorkDir\EndResults\build\1642031031\MGR_UT1\UUT_INST.EXE
    Processing Execution Data
    Updating Coverage Data
    Test Execution Complete
    Running all manager.Place_Order test cases
    Running: BASIS-PATH-001
    Preparing Test Data
    Running Test Case
    Running Test with command: c:\VCAST\Environments\Git_Test\MinGW_WorkDir\EndResults\build\1642031031\MGR_UT1\UUT_INST.EXE
    Processing Execution Data
    Updating Coverage Data
    Test Execution Complete
    Running: BASIS-PATH-002
    Preparing Test Data
    Running Test Case
    Running Test with command: c:\VCAST\Environments\Git_Test\MinGW_WorkDir\EndResults\build\1642031031\MGR_UT1\UUT_INST.EXE
    Processing Execution Data
    Updating Coverage Data
    Test Execution Complete
    Running: BASIS-PATH-003
    Preparing Test Data
    Running Test Case
    Running Test with command: c:\VCAST\Environments\Git_Test\MinGW_WorkDir\EndResults\build\1642031031\MGR_UT1\UUT_INST.EXE
    Processing Execution Data
    Updating Coverage Data
    Test Execution Complete
    Running: BASIS-PATH-004
    Preparing Test Data
    Running Test Case
    Running Test with command: c:\VCAST\Environments\Git_Test\MinGW_WorkDir\EndResults\build\1642031031\MGR_UT1\UUT_INST.EXE
    Processing Execution Data
    Updating Coverage Data
    Test Execution Complete
    Running: BASIS-PATH-005
    Preparing Test Data
    Running Test Case
    Running Test with command: c:\VCAST\Environments\Git_Test\MinGW_WorkDir\EndResults\build\1642031031\MGR_UT1\UUT_INST.EXE
    Processing Execution Data
    Updating Coverage Data
    Test Execution Complete
    Running: BASIS-PATH-006
    Preparing Test Data
    Running Test Case
    Running Test with command: c:\VCAST\Environments\Git_Test\MinGW_WorkDir\EndResults\build\1642031031\MGR_UT1\UUT_INST.EXE
    Processing Execution Data
    Updating Coverage Data
    Test Execution Complete
    Running: Place_Order.002
    Preparing Test Data
    Running Test Case
    Running Test with command: c:\VCAST\Environments\Git_Test\MinGW_WorkDir\EndResults\build\1642031031\MGR_UT1\UUT_INST.EXE
    Processing Execution Data
    Updating Coverage Data
    Test Execution Complete
    Running all manager.Clear_Table test cases
    Running: Clear_Table.001
    Preparing Test Data
    Running Test Case
    Running Test with command: c:\VCAST\Environments\Git_Test\MinGW_WorkDir\EndResults\build\1642031031\MGR_UT1\UUT_INST.EXE
    Processing Execution Data
    Updating Coverage Data
    Test Execution Complete
    Running all manager.Add_Party_To_Waiting_List test cases
    Running: Add_Party_To_Waiting_List.001
    Preparing Test Data
    Running Test Case
    Running Test with command: c:\VCAST\Environments\Git_Test\MinGW_WorkDir\EndResults\build\1642031031\MGR_UT1\UUT_INST.EXE
    Processing Execution Data
    Updating Coverage Data
    Test Execution Complete
    Running: Add_Party_To_Waiting_List.002
    Preparing Test Data
    Running Test Case
    Running Test with command: c:\VCAST\Environments\Git_Test\MinGW_WorkDir\EndResults\build\1642031031\MGR_UT1\UUT_INST.EXE
    Processing Execution Data
    Updating Coverage Data
    Test Execution Complete
    Running: BASIS-PATH-001
    Preparing Test Data
    Running Test Case
    Running Test with command: c:\VCAST\Environments\Git_Test\MinGW_WorkDir\EndResults\build\1642031031\MGR_UT1\UUT_INST.EXE
    Processing Execution Data
    Updating Coverage Data
    Test Execution Complete
    Running: BASIS-PATH-002
    Preparing Test Data
    Running Test Case
    Running Test with command: c:\VCAST\Environments\Git_Test\MinGW_WorkDir\EndResults\build\1642031031\MGR_UT1\UUT_INST.EXE
    Processing Execution Data
    Updating Coverage Data
    Test Execution Complete
    Running: BASIS-PATH-003
    Preparing Test Data
    Running Test Case
    Running Test with command: c:\VCAST\Environments\Git_Test\MinGW_WorkDir\EndResults\build\1642031031\MGR_UT1\UUT_INST.EXE
    Processing Execution Data
    Updating Coverage Data
    Test Execution Complete
    Completed Incremental Execution processing
EXIT_CODE: 28
