COMMAND: C:/VCAST/enviroedg.exe C:/VCAST/Environments/Git_Test/MinGW_WorkDir/EndResults/build/2154212834/MCDC.env
DIRECTORY: C:/VCAST/Environments/Git_Test/MinGW_WorkDir/EndResults/build/2154212834
TIME: 2021-03-30 14:23:29
TEST SUITE: VectorCAST_MinGW_C++/UnitTestSuiite
-----------------------------Process Environment------------------------------
VCAST_MANAGE_PROJECT_DIRECTORY=C:\VCAST\Environments\Git_Test\MinGW_WorkDir\EndResults
Path=C:\VCAST\MinGW\bin;C:\Program Files\Common Files\Oracle\Java\javapath;C:\WINDOWS\system32;C:\WINDOWS;C:\WINDOWS\System32\Wbem;C:\WINDOWS\System32\WindowsPowerShell\v1.0\;C:\WINDOWS\System32\OpenSSH\;C:\Program Files\Microsoft SQL Server\130\Tools\Binn\;C:\Program Files\Git\cmd;C:\Users\skim\Anaconda3;C:\Users\skim\Anaconda3\Library\mingw-w64\bin;C:\Users\skim\Anaconda3\Library\usr\bin;C:\Users\skim\Anaconda3\Library\bin;C:\Users\skim\Anaconda3\Scripts;C:\Users\skim\AppData\Local\Microsoft\WindowsApps;C:\Program Files (x86)\IAR Systems\Embedded Workbench 8.4\common\bin;C:\VCAST;
---------------------------End Process Environment----------------------------
**Environment Builder Version 20.sp6 (02/02/21)
    Processing options file c:\VCAST\Environments\Git_Test\MinGW_WorkDir\EndResults\build\2154212834\CCAST_.CFG
    Reading environment script "C:/VCAST/Environments/Git_Test/MinGW_WorkDir/EndResults/build/2154212834/MCDC.env"
    Initializing search list
    Creating the Environment Directory
    Creating Environment "MCDC"
    Unit 8 (not-stubbed): User Defined Globals
       Parsing 
        Running Command: C:/Users/skim\.vcastProcessMonitorLogs\1_Command
        Command Returned Exit Code: 0
        Running Command: C:/Users/skim\.vcastProcessMonitorLogs\2_Command
        Command Returned Exit Code: 0
       Initializing parse data
        Running Command: C:/Users/skim\.vcastProcessMonitorLogs\3_Command
        Command Returned Exit Code: 0
        Running Command: C:/Users/skim\.vcastProcessMonitorLogs\4_Command
        Command Returned Exit Code: 0
        Running Command: C:/Users/skim\.vcastProcessMonitorLogs\5_Command
        Command Returned Exit Code: 0
        Running Command: C:/Users/skim\.vcastProcessMonitorLogs\6_Command
        Command Returned Exit Code: 0
       Generating harness code
       Saving unit data
    Parsing mcdc_example
        Running Command: C:/Users/skim\.vcastProcessMonitorLogs\7_Command
        Command Returned Exit Code: 0
        Running Command: C:/Users/skim\.vcastProcessMonitorLogs\8_Command
        Command Returned Exit Code: 0
    Unit 9 (stub-by-function): mcdc_example
       Loading stored IL
       Initializing parse data
        Running Command: C:/Users/skim\.vcastProcessMonitorLogs\9_Command
        Command Returned Exit Code: 0
        Running Command: C:/Users/skim\.vcastProcessMonitorLogs\10_Command
        Command Returned Exit Code: 0
        Running Command: C:/Users/skim\.vcastProcessMonitorLogs\11_Command
        Command Returned Exit Code: 0
        Running Command: C:/Users/skim\.vcastProcessMonitorLogs\12_Command
        Command Returned Exit Code: 0
       Generating harness code
       Saving unit data
    Compiling file VECTORCAST_IO
        Running Command: C:/Users/skim\.vcastProcessMonitorLogs\13_Command
        Command Returned Exit Code: 0
    Compiling file User Defined Globals
        Running Command: C:/Users/skim\.vcastProcessMonitorLogs\14_Command
        Command Returned Exit Code: 0
        Running Command: C:/Users/skim\.vcastProcessMonitorLogs\15_Command
        Command Returned Exit Code: 0
        Running Command: C:/Users/skim\.vcastProcessMonitorLogs\16_Command
        Command Returned Exit Code: 0
        Running Command: C:/Users/skim\.vcastProcessMonitorLogs\17_Command
        Command Returned Exit Code: 0
    Compiling file Data File Number 1
        Running Command: C:/Users/skim\.vcastProcessMonitorLogs\18_Command
        Command Returned Exit Code: 0
    Compiling file Data File Number 2
        Running Command: C:/Users/skim\.vcastProcessMonitorLogs\19_Command
        Command Returned Exit Code: 0
    Compiling file Driver
        Running Command: C:/Users/skim\.vcastProcessMonitorLogs\20_Command
        Command Returned Exit Code: 0
    Compiling file User Defined Package
        Running Command: C:/Users/skim\.vcastProcessMonitorLogs\21_Command
        Command Returned Exit Code: 0
    Setting Up ISO-26262 (Automotive) Unit Level ASIL D Coverage
        Running Command: C:/Users/skim\.vcastProcessMonitorLogs\22_Command
        Command Returned Exit Code: 0
        Running Command: C:/Users/skim\.vcastProcessMonitorLogs\23_Command
        Command Returned Exit Code: 0
    Instrumenting file mcdc_example
    Compiling file mcdc_example
        Running Command: C:/Users/skim\.vcastProcessMonitorLogs\24_Command
        Command Returned Exit Code: 0
        Running Command: C:/Users/skim\.vcastProcessMonitorLogs\25_Command
        Command Returned Exit Code: 0
    Compiling file Data File Number 1
        Running Command: C:/Users/skim\.vcastProcessMonitorLogs\26_Command
        Command Returned Exit Code: 0
    Linking Instrumented Harness
        Running Command: C:/Users/skim\.vcastProcessMonitorLogs\27_Command
        Command Returned Exit Code: 0
    Coverage Initialized
    Writing VectorCAST Database Files to Disk
    Environment built Successfully
COMMAND: C:\VCAST\clicast.exe -e MCDC -l CPLUSPLUS test script run C:/VCAST/Environments/Git_Test/MinGW_WorkDir/EndResults/build/2154212834/MCDC.tst.tmp
DIRECTORY: C:/VCAST/Environments/Git_Test/MinGW_WorkDir/EndResults/build/2154212834
TIME: 2021-03-30 14:23:41
TEST SUITE: VectorCAST_MinGW_C++/UnitTestSuiite
-----------------------------Process Environment------------------------------
VCAST_MANAGE_PROJECT_DIRECTORY=C:\VCAST\Environments\Git_Test\MinGW_WorkDir\EndResults
Path=C:\VCAST\MinGW\bin;C:\Program Files\Common Files\Oracle\Java\javapath;C:\WINDOWS\system32;C:\WINDOWS;C:\WINDOWS\System32\Wbem;C:\WINDOWS\System32\WindowsPowerShell\v1.0\;C:\WINDOWS\System32\OpenSSH\;C:\Program Files\Microsoft SQL Server\130\Tools\Binn\;C:\Program Files\Git\cmd;C:\Users\skim\Anaconda3;C:\Users\skim\Anaconda3\Library\mingw-w64\bin;C:\Users\skim\Anaconda3\Library\usr\bin;C:\Users\skim\Anaconda3\Library\bin;C:\Users\skim\Anaconda3\Scripts;C:\Users\skim\AppData\Local\Microsoft\WindowsApps;C:\Program Files (x86)\IAR Systems\Embedded Workbench 8.4\common\bin;C:\VCAST;
---------------------------End Process Environment----------------------------
VectorCAST Copyright (C) 1993 - 2021
**Version 20.sp6 (02/02/21)
    Processing options file c:\VCAST\Environments\Git_Test\MinGW_WorkDir\EndResults\build\2154212834\CCAST_.CFG
    Opening Environment
    Determining Size/Range Information
    Opening Parameter/Global File
    Opening Types File
    Running Test with command: c:\VCAST\Environments\Git_Test\MinGW_WorkDir\EndResults\build\2154212834\MCDC\UUT_INST.EXE
        Running Command: C:/Users/skim\.vcastProcessMonitorLogs\1_Command
        Command Returned Exit Code: 0
    Building Master Min Mid Max data.
    Opening Parameter/Global File
    Opening Types File
    Environment is Open
    Processing Script File
    Processing script line 100
    Script Creation Completed
--------------------------------------------------------------------------------
Test Script Log
--------------------------------------------------------------------------------
(I) @LINE: 1
    >>> Opening script file C:\VCAST\Environments\Git_Test\MinGW_WorkDir\EndResults\build\2154212834\MCDC.tst.tmp
(I) @LINE: 29
    >>> Processing Test Case: PairA_Row1_TTT_T
(S) @LINE: 34
    >>> Processed Test Case: PairA_Row1_TTT_T
(I) @LINE: 40
    >>> Processing Test Case: PairA_Row5_FTT_F
(S) @LINE: 45
    >>> Processed Test Case: PairA_Row5_FTT_F
(I) @LINE: 51
    >>> Processing Test Case: PairB_Row2_TTF_T
(S) @LINE: 56
    >>> Processed Test Case: PairB_Row2_TTF_T
(I) @LINE: 62
    >>> Processing Test Case: PairB_Row4_TFF_F
(S) @LINE: 67
    >>> Processed Test Case: PairB_Row4_TFF_F
(I) @LINE: 73
    >>> Processing Test Case: PairC_Row4_TFF_F
(S) @LINE: 78
    >>> Processed Test Case: PairC_Row4_TFF_F
(I) @LINE: 84
    >>> Processing Test Case: PairC_Row4_TFT_T
(S) @LINE: 89
    >>> Processed Test Case: PairC_Row4_TFT_T
(I) @LINE: 97
    >>> Processing Test Case: Closed_Mon_1701
(S) @LINE: 101
    >>> Processed Test Case: Closed_Mon_1701
(I) @LINE: 107
    >>> Processing Test Case: Closed_Mon_759
(S) @LINE: 111
    >>> Processed Test Case: Closed_Mon_759
(I) @LINE: 117
    >>> Processing Test Case: Closed_Sun_1000
(S) @LINE: 121
    >>> Processed Test Case: Closed_Sun_1000
(I) @LINE: 127
    >>> Processing Test Case: Open_Mon_1000
(S) @LINE: 131
    >>> Processed Test Case: Open_Mon_1000
(S) @LINE: 131
    >>> Script processing completed
