COMMAND: C:/VCAST/enviroedg.exe C:/VCAST/Environments/Git_Test/MinGW_WorkDir/EndResults/build/5599239/ACME_PAYROLL.env
DIRECTORY: C:/VCAST/Environments/Git_Test/MinGW_WorkDir/EndResults/build/5599239
TIME: 2021-03-30 14:20:28
TEST SUITE: VectorCAST_MinGW_C++/UnitTestSuiite
-----------------------------Process Environment------------------------------
VCAST_MANAGE_PROJECT_DIRECTORY=C:\VCAST\Environments\Git_Test\MinGW_WorkDir\EndResults
Path=C:\VCAST\MinGW\bin;C:\Program Files\Common Files\Oracle\Java\javapath;C:\WINDOWS\system32;C:\WINDOWS;C:\WINDOWS\System32\Wbem;C:\WINDOWS\System32\WindowsPowerShell\v1.0\;C:\WINDOWS\System32\OpenSSH\;C:\Program Files\Microsoft SQL Server\130\Tools\Binn\;C:\Program Files\Git\cmd;C:\Users\skim\Anaconda3;C:\Users\skim\Anaconda3\Library\mingw-w64\bin;C:\Users\skim\Anaconda3\Library\usr\bin;C:\Users\skim\Anaconda3\Library\bin;C:\Users\skim\Anaconda3\Scripts;C:\Users\skim\AppData\Local\Microsoft\WindowsApps;C:\Program Files (x86)\IAR Systems\Embedded Workbench 8.4\common\bin;C:\VCAST;
---------------------------End Process Environment----------------------------
**Environment Builder Version 20.sp6 (02/02/21)
    Processing options file c:\VCAST\Environments\Git_Test\MinGW_WorkDir\EndResults\build\5599239\CCAST_.CFG
    Reading environment script "C:/VCAST/Environments/Git_Test/MinGW_WorkDir/EndResults/build/5599239/ACME_PAYROLL.env"
    Initializing search list
    Creating the Environment Directory
    Creating Environment "ACME_PAYROLL"
    Calling QuickParse Utility for C:\VCAST\Training\SourceFiles\Payroll
            Running Command: C:/Users/skim\.vcastProcessMonitorLogs\1_Command
            Command Returned Exit Code: 0
           File: Acme_PayrollSystem.cpp (using cached data)
            Running Command: C:/Users/skim\.vcastProcessMonitorLogs\2_Command
            Command Returned Exit Code: 0
           File: Employee.cpp (using cached data)
            Running Command: C:/Users/skim\.vcastProcessMonitorLogs\3_Command
            Command Returned Exit Code: 0
           File: PayrollSystem.cpp (using cached data)
    QuickParse Utility Completed
    Unit 8 (not-stubbed): User Defined Globals
       Parsing 
        Running Command: C:/Users/skim\.vcastProcessMonitorLogs\1_Command
        Command Returned Exit Code: 0
        Running Command: C:/Users/skim\.vcastProcessMonitorLogs\2_Command
        Command Returned Exit Code: 0
       Initializing parse data
        Running Command: C:/Users/skim\.vcastProcessMonitorLogs\3_Command
        Command Returned Exit Code: 0
        Running Command: C:/Users/skim\.vcastProcessMonitorLogs\4_Command
        Command Returned Exit Code: 0
        Running Command: C:/Users/skim\.vcastProcessMonitorLogs\5_Command
        Command Returned Exit Code: 0
        Running Command: C:/Users/skim\.vcastProcessMonitorLogs\6_Command
        Command Returned Exit Code: 0
       Generating harness code
       Saving unit data
    Parsing Acme_PayrollSystem
        Running Command: C:/Users/skim\.vcastProcessMonitorLogs\7_Command
        Command Returned Exit Code: 0
        Running Command: C:/Users/skim\.vcastProcessMonitorLogs\8_Command
        Command Returned Exit Code: 0
    Parsing Employee
        Running Command: C:/Users/skim\.vcastProcessMonitorLogs\9_Command
        Command Returned Exit Code: 0
        Running Command: C:/Users/skim\.vcastProcessMonitorLogs\10_Command
        Command Returned Exit Code: 0
    Parsing PayrollSystem
        Running Command: C:/Users/skim\.vcastProcessMonitorLogs\11_Command
        Command Returned Exit Code: 0
        Running Command: C:/Users/skim\.vcastProcessMonitorLogs\12_Command
        Command Returned Exit Code: 0
    Unit 9 (stub-by-function): Acme_PayrollSystem
       Loading stored IL
       Initializing parse data
        Running Command: C:/Users/skim\.vcastProcessMonitorLogs\13_Command
        Command Returned Exit Code: 0
        Running Command: C:/Users/skim\.vcastProcessMonitorLogs\14_Command
        Command Returned Exit Code: 0
        Running Command: C:/Users/skim\.vcastProcessMonitorLogs\15_Command
        Command Returned Exit Code: 0
        Running Command: C:/Users/skim\.vcastProcessMonitorLogs\16_Command
        Command Returned Exit Code: 0
       Generating harness code
       Saving unit data
    Unit 11 (not-stubbed): Employee
       Loading stored IL
       Initializing parse data
        Running Command: C:/Users/skim\.vcastProcessMonitorLogs\17_Command
        Command Returned Exit Code: 0
        Running Command: C:/Users/skim\.vcastProcessMonitorLogs\18_Command
        Command Returned Exit Code: 0
        Running Command: C:/Users/skim\.vcastProcessMonitorLogs\19_Command
        Command Returned Exit Code: 0
        Running Command: C:/Users/skim\.vcastProcessMonitorLogs\20_Command
        Command Returned Exit Code: 0
       Generating harness code
       Saving unit data
    Unit 12 (not-stubbed): PayrollSystem
       Loading stored IL
       Initializing parse data
        Running Command: C:/Users/skim\.vcastProcessMonitorLogs\21_Command
        Command Returned Exit Code: 0
        Running Command: C:/Users/skim\.vcastProcessMonitorLogs\22_Command
        Command Returned Exit Code: 0
        Running Command: C:/Users/skim\.vcastProcessMonitorLogs\23_Command
        Command Returned Exit Code: 0
        Running Command: C:/Users/skim\.vcastProcessMonitorLogs\24_Command
        Command Returned Exit Code: 0
       Generating harness code
       Saving unit data
    Compiling file VECTORCAST_IO
        Running Command: C:/Users/skim\.vcastProcessMonitorLogs\25_Command
        Command Returned Exit Code: 0
    Compiling file User Defined Globals
        Running Command: C:/Users/skim\.vcastProcessMonitorLogs\26_Command
        Command Returned Exit Code: 0
        Running Command: C:/Users/skim\.vcastProcessMonitorLogs\27_Command
        Command Returned Exit Code: 0
        Running Command: C:/Users/skim\.vcastProcessMonitorLogs\28_Command
        Command Returned Exit Code: 0
        Running Command: C:/Users/skim\.vcastProcessMonitorLogs\29_Command
        Command Returned Exit Code: 0
    Compiling file Data File Number 1
        Running Command: C:/Users/skim\.vcastProcessMonitorLogs\30_Command
        Command Returned Exit Code: 0
    Compiling file Data File Number 2
        Running Command: C:/Users/skim\.vcastProcessMonitorLogs\31_Command
        Command Returned Exit Code: 0
    Compiling file Driver
        Running Command: C:/Users/skim\.vcastProcessMonitorLogs\32_Command
        Command Returned Exit Code: 0
    Compiling file Employee
        Running Command: C:/Users/skim\.vcastProcessMonitorLogs\33_Command
        Command Returned Exit Code: 0
    Compiling file PayrollSystem
        Running Command: C:/Users/skim\.vcastProcessMonitorLogs\34_Command
        Command Returned Exit Code: 0
    Compiling file User Defined Package
        Running Command: C:/Users/skim\.vcastProcessMonitorLogs\35_Command
        Command Returned Exit Code: 0
    Setting Up ISO-26262 (Automotive) Unit Level ASIL B/C Coverage
        Running Command: C:/Users/skim\.vcastProcessMonitorLogs\36_Command
        Command Returned Exit Code: 0
        Running Command: C:/Users/skim\.vcastProcessMonitorLogs\37_Command
        Command Returned Exit Code: 0
    Instrumenting file Acme_PayrollSystem
    Compiling file Acme_PayrollSystem
        Running Command: C:/Users/skim\.vcastProcessMonitorLogs\38_Command
        Command Returned Exit Code: 0
        Running Command: C:/Users/skim\.vcastProcessMonitorLogs\39_Command
        Command Returned Exit Code: 0
    Compiling file Data File Number 1
        Running Command: C:/Users/skim\.vcastProcessMonitorLogs\40_Command
        Command Returned Exit Code: 0
    Linking Instrumented Harness
        Running Command: C:/Users/skim\.vcastProcessMonitorLogs\41_Command
        Command Returned Exit Code: 0
    Coverage Initialized
    Writing VectorCAST Database Files to Disk
    Environment built Successfully
COMMAND: C:\VCAST\clicast.exe -e ACME_PAYROLL -l CPLUSPLUS test script run C:/VCAST/Environments/Git_Test/MinGW_WorkDir/EndResults/build/5599239/ACME_PAYROLL.tst.tmp
DIRECTORY: C:/VCAST/Environments/Git_Test/MinGW_WorkDir/EndResults/build/5599239
TIME: 2021-03-30 14:20:48
TEST SUITE: VectorCAST_MinGW_C++/UnitTestSuiite
-----------------------------Process Environment------------------------------
VCAST_MANAGE_PROJECT_DIRECTORY=C:\VCAST\Environments\Git_Test\MinGW_WorkDir\EndResults
Path=C:\VCAST\MinGW\bin;C:\Program Files\Common Files\Oracle\Java\javapath;C:\WINDOWS\system32;C:\WINDOWS;C:\WINDOWS\System32\Wbem;C:\WINDOWS\System32\WindowsPowerShell\v1.0\;C:\WINDOWS\System32\OpenSSH\;C:\Program Files\Microsoft SQL Server\130\Tools\Binn\;C:\Program Files\Git\cmd;C:\Users\skim\Anaconda3;C:\Users\skim\Anaconda3\Library\mingw-w64\bin;C:\Users\skim\Anaconda3\Library\usr\bin;C:\Users\skim\Anaconda3\Library\bin;C:\Users\skim\Anaconda3\Scripts;C:\Users\skim\AppData\Local\Microsoft\WindowsApps;C:\Program Files (x86)\IAR Systems\Embedded Workbench 8.4\common\bin;C:\VCAST;
---------------------------End Process Environment----------------------------
VectorCAST Copyright (C) 1993 - 2021
**Version 20.sp6 (02/02/21)
    Processing options file c:\VCAST\Environments\Git_Test\MinGW_WorkDir\EndResults\build\5599239\CCAST_.CFG
    Opening Environment
    Determining Size/Range Information
    Opening Parameter/Global File
    Opening Types File
    Running Test with command: c:\VCAST\Environments\Git_Test\MinGW_WorkDir\EndResults\build\5599239\ACME_PAYROLL\UUT_INST.EXE
        Running Command: C:/Users/skim\.vcastProcessMonitorLogs\1_Command
        Command Returned Exit Code: 0
    Building Master Min Mid Max data.
    Opening Parameter/Global File
    Opening Types File
    Environment is Open
    Processing Script File
    Processing script line 50
    Script Creation Completed
--------------------------------------------------------------------------------
Test Script Log
--------------------------------------------------------------------------------
(I) @LINE: 1
    >>> Opening script file C:\VCAST\Environments\Git_Test\MinGW_WorkDir\EndResults\build\5599239\ACME_PAYROLL.tst.tmp
(I) @LINE: 28
    >>> Processing Test Case: Verify15K
(S) @LINE: 31
    >>> Processed Test Case: Verify15K
(I) @LINE: 36
    >>> Processing Test Case: Verify2K
(S) @LINE: 41
    >>> Processed Test Case: Verify2K
(I) @LINE: 46
    >>> Processing Test Case: Verify5k
(S) @LINE: 51
    >>> Processed Test Case: Verify5k
(I) @LINE: 61
    >>> Processing Test Case: Init10K.001
(E) Errors from previous script import(s)
    >>> (E) @LINE: 16 TEST.NAME:Init10K
    >>>     >>> Invalid Test Case Name - Duplicate Test Case Name
    >>>     >>> Using Automatic Name: Init10K.001
(S) @LINE: 71
    >>> Processed Test Case: Init10K.001
(I) @LINE: 79
    >>> Processing Test Case: Add5K.001
(E) Errors from previous script import(s)
    >>> (E) @LINE: 25 TEST.NAME:Add5K
    >>>     >>> Invalid Test Case Name - Duplicate Test Case Name
    >>>     >>> Using Automatic Name: Add5K.001
(S) @LINE: 88
    >>> Processed Test Case: Add5K.001
(I) @LINE: 96
    >>> Processing Test Case: Add_Mary1K.001
(E) Errors from previous script import(s)
    >>> (E) @LINE: 33 TEST.NAME:Add_Mary1K
    >>>     >>> Invalid Test Case Name - Duplicate Test Case Name
    >>>     >>> Using Automatic Name: Add_Mary1K.001
(S) @LINE: 109
    >>> Processed Test Case: Add_Mary1K.001
(I) @LINE: 115
    >>> Processing Test Case: Add_Sue2K.001
(E) Errors from previous script import(s)
    >>> (E) @LINE: 45 TEST.NAME:Add_Sue2K
    >>>     >>> Invalid Test Case Name - Duplicate Test Case Name
    >>>     >>> Using Automatic Name: Add_Sue2K.001
(S) @LINE: 128
    >>> Processed Test Case: Add_Sue2K.001
(I) @LINE: 134
    >>> Processing Test Case: Add_Tom2K.001
(E) Errors from previous script import(s)
    >>> (E) @LINE: 57 TEST.NAME:Add_Tom2K
    >>>     >>> Invalid Test Case Name - Duplicate Test Case Name
    >>>     >>> Using Automatic Name: Add_Tom2K.001
(S) @LINE: 147
    >>> Processed Test Case: Add_Tom2K.001
(I) @LINE: 153
    >>> Processing Test Case: Singleton.001
(E) Errors from previous script import(s)
    >>> (E) @LINE: 69 TEST.NAME:Singleton
    >>>     >>> Invalid Test Case Name - Duplicate Test Case Name
    >>>     >>> Using Automatic Name: Singleton.001
(S) @LINE: 168
    >>> Processed Test Case: Singleton.001
(I) @LINE: 176
    >>> Processing Test Case: RemoveSue.001
(E) Errors from previous script import(s)
    >>> (E) @LINE: 83 TEST.NAME:RemoveSue
    >>>     >>> Invalid Test Case Name - Duplicate Test Case Name
    >>>     >>> Using Automatic Name: RemoveSue.001
(S) @LINE: 187
    >>> Processed Test Case: RemoveSue.001
(I) @LINE: 195
    >>> Processing Test Case: RunPayroll.001
(E) Errors from previous script import(s)
    >>> (E) @LINE: 93 TEST.NAME:RunPayroll
    >>>     >>> Invalid Test Case Name - Duplicate Test Case Name
    >>>     >>> Using Automatic Name: RunPayroll.001
(S) @LINE: 203
    >>> Processed Test Case: RunPayroll.001
(I) @LINE: 209
    >>> Processing Test Case: AddCashTest
(S) @LINE: 213
    >>> Processed Test Case: AddCashTest
(I) @LINE: 220
    >>> Processing Test Case: PayrollTest
(S) @LINE: 230
    >>> Processed Test Case: PayrollTest
(S) @LINE: 231
    >>> Script processing completed
EXIT_CODE: 19
