COMMAND: C:\VCAST\clicast.exe -e ACME_PAYROLL -l CPLUSPLUS execute batch
DIRECTORY: C:/VCAST/Environments/Git_Test/MinGW_WorkDir/EndResults/build/5599239
TIME: 2021-03-30 14:20:49
TEST SUITE: VectorCAST_MinGW_C++/UnitTestSuiite
-----------------------------Process Environment------------------------------
VCAST_MANAGE_PROJECT_DIRECTORY=C:\VCAST\Environments\Git_Test\MinGW_WorkDir\EndResults
Path=C:\VCAST\MinGW\bin;C:\Program Files\Common Files\Oracle\Java\javapath;C:\WINDOWS\system32;C:\WINDOWS;C:\WINDOWS\System32\Wbem;C:\WINDOWS\System32\WindowsPowerShell\v1.0\;C:\WINDOWS\System32\OpenSSH\;C:\Program Files\Microsoft SQL Server\130\Tools\Binn\;C:\Program Files\Git\cmd;C:\Users\skim\Anaconda3;C:\Users\skim\Anaconda3\Library\mingw-w64\bin;C:\Users\skim\Anaconda3\Library\usr\bin;C:\Users\skim\Anaconda3\Library\bin;C:\Users\skim\Anaconda3\Scripts;C:\Users\skim\AppData\Local\Microsoft\WindowsApps;C:\Program Files (x86)\IAR Systems\Embedded Workbench 8.4\common\bin;C:\VCAST;
---------------------------End Process Environment----------------------------
VectorCAST Copyright (C) 1993 - 2021
**Version 20.sp6 (02/02/21)
    Processing options file c:\VCAST\Environments\Git_Test\MinGW_WorkDir\EndResults\build\5599239\CCAST_.CFG
    Opening Environment
    Opening Parameter/Global File
    Opening Types File
    Environment is Open
    Running all <<COMPOUND>> test cases
    Running: AddCashTest
    Preparing Test Data
    Running Test Case
    Running Test with command: c:\VCAST\Environments\Git_Test\MinGW_WorkDir\EndResults\build\5599239\ACME_PAYROLL\UUT_INST.EXE
        Running Command: C:/Users/skim\.vcastProcessMonitorLogs\1_Command
        Command Returned Exit Code: 0
    Processing Execution Data
    Updating Coverage Data
    Test Execution Complete
    Running: PayrollTest
    Preparing Test Data
    Running Test Case
    Running Test with command: c:\VCAST\Environments\Git_Test\MinGW_WorkDir\EndResults\build\5599239\ACME_PAYROLL\UUT_INST.EXE
        Running Command: C:/Users/skim\.vcastProcessMonitorLogs\2_Command
        Command Returned Exit Code: 0
    Processing Execution Data
    Updating Coverage Data
    Test Execution Complete
    Running all Acme_PayrollSystem.<<INIT>> test cases
    Running all Acme_PayrollSystem.Acme_PayrollSystem::Acme_PayrollSystem test cases
    Running: Init10K.001
    Preparing Test Data
    Running Test Case
    Running Test with command: c:\VCAST\Environments\Git_Test\MinGW_WorkDir\EndResults\build\5599239\ACME_PAYROLL\UUT_INST.EXE
        Running Command: C:/Users/skim\.vcastProcessMonitorLogs\3_Command
        Command Returned Exit Code: 0
    Processing Execution Data
    Updating Coverage Data
    Test Execution Complete
    Running all Acme_PayrollSystem.Acme_PayrollSystem::addEmployee test cases
    Running: Singleton.001
    Preparing Test Data
    Running Test Case
    Running Test with command: c:\VCAST\Environments\Git_Test\MinGW_WorkDir\EndResults\build\5599239\ACME_PAYROLL\UUT_INST.EXE
        Running Command: C:/Users/skim\.vcastProcessMonitorLogs\4_Command
        Command Returned Exit Code: 0
    Processing Execution Data
    Updating Coverage Data
    Test Execution Complete
    Running all Acme_PayrollSystem.Acme_PayrollSystem::removeEmployee test cases
    Running all Acme_PayrollSystem.Acme_PayrollSystem::addCash test cases
    Running all Acme_PayrollSystem.Acme_PayrollSystem::runPayroll test cases
    Completed Batch Execution processing
