               /*
                *  This function determines if a company is open for business depending on the day/time.
                *  It returns a simple true/false value based on the input day/time.
                *  Time is in military time (i.e. 1700 equals 5pm)
                */
               enum e_day_of_week {MONDAY, TUESDAY, WEDNESDAY, THURSDAY, FRIDAY, SATURDAY, SUNDAY} ;
               typedef enum e_day_of_week t_day_of_week;
               int open_for_business(int time, t_day_of_week day)
               {
1 0     ( )    open_for_business
1 1     ( )( )   if ((
1 1.1   ( )( )   time > 800) && (
1 1.2   ( )( )   time < 1700) && (
1 1.3   ( )( )   day != SUNDAY))
                 {
1 2                return(1);
                 }
                 else
                 {
1 3                return(0);
                 }
               }
               int Conditional_Example (int a, int b, int c) {
2 0     ( )    Conditional_Example
2 1     ( )( )   if (
2 1.1   ( )( )   a && (
2 1.2   ( )( )   b || 
2 1.3   ( )( )   c))
2 2                return 1;
                  else
2 3                return 0;
               }
               //
               //  The following functions may be of additional interest, wrt MC/DC, but are ifdef'd out for now
               //
