COMMAND: C:/VCAST/enviroedg.exe C:/VCAST/Environments/Git_Test/MinGW_WorkDir/EndResults/build/2485995867/DISH_BLACKBOX.env
DIRECTORY: C:/VCAST/Environments/Git_Test/MinGW_WorkDir/EndResults/build/2485995867
TIME: 2021-03-30 14:22:20
TEST SUITE: VectorCAST_MinGW_C++/UnitTestSuiite
-----------------------------Process Environment------------------------------
VCAST_MANAGE_PROJECT_DIRECTORY=C:\VCAST\Environments\Git_Test\MinGW_WorkDir\EndResults
Path=C:\VCAST\MinGW\bin;C:\Program Files\Common Files\Oracle\Java\javapath;C:\WINDOWS\system32;C:\WINDOWS;C:\WINDOWS\System32\Wbem;C:\WINDOWS\System32\WindowsPowerShell\v1.0\;C:\WINDOWS\System32\OpenSSH\;C:\Program Files\Microsoft SQL Server\130\Tools\Binn\;C:\Program Files\Git\cmd;C:\Users\skim\Anaconda3;C:\Users\skim\Anaconda3\Library\mingw-w64\bin;C:\Users\skim\Anaconda3\Library\usr\bin;C:\Users\skim\Anaconda3\Library\bin;C:\Users\skim\Anaconda3\Scripts;C:\Users\skim\AppData\Local\Microsoft\WindowsApps;C:\Program Files (x86)\IAR Systems\Embedded Workbench 8.4\common\bin;C:\VCAST;
---------------------------End Process Environment----------------------------
**Environment Builder Version 20.sp6 (02/02/21)
    Processing options file c:\VCAST\Environments\Git_Test\MinGW_WorkDir\EndResults\build\2485995867\CCAST_.CFG
    Reading environment script "C:/VCAST/Environments/Git_Test/MinGW_WorkDir/EndResults/build/2485995867/DISH_BLACKBOX.env"
    Initializing search list
    Creating the Environment Directory
    Creating Environment "DISH_BLACKBOX"
    Unit 8 (not-stubbed): User Defined Globals
       Parsing 
        Running Command: C:/Users/skim\.vcastProcessMonitorLogs\1_Command
        Command Returned Exit Code: 0
        Running Command: C:/Users/skim\.vcastProcessMonitorLogs\2_Command
        Command Returned Exit Code: 0
       Initializing parse data
        Running Command: C:/Users/skim\.vcastProcessMonitorLogs\3_Command
        Command Returned Exit Code: 0
        Running Command: C:/Users/skim\.vcastProcessMonitorLogs\4_Command
        Command Returned Exit Code: 0
        Running Command: C:/Users/skim\.vcastProcessMonitorLogs\5_Command
        Command Returned Exit Code: 0
        Running Command: C:/Users/skim\.vcastProcessMonitorLogs\6_Command
        Command Returned Exit Code: 0
       Generating harness code
       Saving unit data
    Parsing dishwasher_fsm
        Running Command: C:/Users/skim\.vcastProcessMonitorLogs\7_Command
        Command Returned Exit Code: 0
        Running Command: C:/Users/skim\.vcastProcessMonitorLogs\8_Command
        Command Returned Exit Code: 0
    Unit 9 (stub-by-function): dishwasher_fsm
       Loading stored IL
       Initializing parse data
        Running Command: C:/Users/skim\.vcastProcessMonitorLogs\9_Command
        Command Returned Exit Code: 0
        Running Command: C:/Users/skim\.vcastProcessMonitorLogs\10_Command
        Command Returned Exit Code: 0
        Running Command: C:/Users/skim\.vcastProcessMonitorLogs\11_Command
        Command Returned Exit Code: 0
        Running Command: C:/Users/skim\.vcastProcessMonitorLogs\12_Command
        Command Returned Exit Code: 0
       Generating harness code
       Saving unit data
    Compiling file VECTORCAST_IO
        Running Command: C:/Users/skim\.vcastProcessMonitorLogs\13_Command
        Command Returned Exit Code: 0
    Compiling file User Defined Globals
        Running Command: C:/Users/skim\.vcastProcessMonitorLogs\14_Command
        Command Returned Exit Code: 0
        Running Command: C:/Users/skim\.vcastProcessMonitorLogs\15_Command
        Command Returned Exit Code: 0
        Running Command: C:/Users/skim\.vcastProcessMonitorLogs\16_Command
        Command Returned Exit Code: 0
        Running Command: C:/Users/skim\.vcastProcessMonitorLogs\17_Command
        Command Returned Exit Code: 0
    Compiling file Data File Number 1
        Running Command: C:/Users/skim\.vcastProcessMonitorLogs\18_Command
        Command Returned Exit Code: 0
    Compiling file Data File Number 2
        Running Command: C:/Users/skim\.vcastProcessMonitorLogs\19_Command
        Command Returned Exit Code: 0
    Compiling file Driver
        Running Command: C:/Users/skim\.vcastProcessMonitorLogs\20_Command
        Command Returned Exit Code: 0
    Compiling file User Defined Package
        Running Command: C:/Users/skim\.vcastProcessMonitorLogs\21_Command
        Command Returned Exit Code: 0
    Setting Up ISO-26262 (Automotive) Unit Level ASIL B/C Coverage
        Running Command: C:/Users/skim\.vcastProcessMonitorLogs\22_Command
        Command Returned Exit Code: 0
        Running Command: C:/Users/skim\.vcastProcessMonitorLogs\23_Command
        Command Returned Exit Code: 0
    Instrumenting file dishwasher_fsm
    Compiling file dishwasher_fsm
        Running Command: C:/Users/skim\.vcastProcessMonitorLogs\24_Command
        Command Returned Exit Code: 0
        Running Command: C:/Users/skim\.vcastProcessMonitorLogs\25_Command
        Command Returned Exit Code: 0
    Compiling file Data File Number 1
        Running Command: C:/Users/skim\.vcastProcessMonitorLogs\26_Command
        Command Returned Exit Code: 0
    Linking Instrumented Harness
        Running Command: C:/Users/skim\.vcastProcessMonitorLogs\27_Command
        Command Returned Exit Code: 0
    Coverage Initialized
    Writing VectorCAST Database Files to Disk
    Environment built Successfully
COMMAND: C:\VCAST\clicast.exe -e DISH_BLACKBOX -l CPLUSPLUS test script run C:/VCAST/Environments/Git_Test/MinGW_WorkDir/EndResults/build/2485995867/DISH_BLACKBOX.tst.tmp
DIRECTORY: C:/VCAST/Environments/Git_Test/MinGW_WorkDir/EndResults/build/2485995867
TIME: 2021-03-30 14:22:28
TEST SUITE: VectorCAST_MinGW_C++/UnitTestSuiite
-----------------------------Process Environment------------------------------
VCAST_MANAGE_PROJECT_DIRECTORY=C:\VCAST\Environments\Git_Test\MinGW_WorkDir\EndResults
Path=C:\VCAST\MinGW\bin;C:\Program Files\Common Files\Oracle\Java\javapath;C:\WINDOWS\system32;C:\WINDOWS;C:\WINDOWS\System32\Wbem;C:\WINDOWS\System32\WindowsPowerShell\v1.0\;C:\WINDOWS\System32\OpenSSH\;C:\Program Files\Microsoft SQL Server\130\Tools\Binn\;C:\Program Files\Git\cmd;C:\Users\skim\Anaconda3;C:\Users\skim\Anaconda3\Library\mingw-w64\bin;C:\Users\skim\Anaconda3\Library\usr\bin;C:\Users\skim\Anaconda3\Library\bin;C:\Users\skim\Anaconda3\Scripts;C:\Users\skim\AppData\Local\Microsoft\WindowsApps;C:\Program Files (x86)\IAR Systems\Embedded Workbench 8.4\common\bin;C:\VCAST;
---------------------------End Process Environment----------------------------
VectorCAST Copyright (C) 1993 - 2021
**Version 20.sp6 (02/02/21)
    Processing options file c:\VCAST\Environments\Git_Test\MinGW_WorkDir\EndResults\build\2485995867\CCAST_.CFG
    Opening Environment
    Determining Size/Range Information
    Opening Parameter/Global File
    Opening Types File
    Running Test with command: c:\VCAST\Environments\Git_Test\MinGW_WorkDir\EndResults\build\2485995867\DISH_BLACKBOX\UUT_INST.EXE
        Running Command: C:/Users/skim\.vcastProcessMonitorLogs\1_Command
        Command Returned Exit Code: 0
    Building Master Min Mid Max data.
    Opening Parameter/Global File
    Opening Types File
    Environment is Open
    Processing Script File
    Processing script line 50
    Script Creation Completed
--------------------------------------------------------------------------------
Test Script Log
--------------------------------------------------------------------------------
(I) @LINE: 1
    >>> Opening script file C:\VCAST\Environments\Git_Test\MinGW_WorkDir\EndResults\build\2485995867\DISH_BLACKBOX.tst.tmp
(I) @LINE: 28
    >>> Processing Test Case: <<INIT>>.001
(S) @LINE: 29
    >>> Processed Test Case: <<INIT>>.001
(I) @LINE: 39
    >>> Processing Test Case: DRY
(S) @LINE: 43
    >>> Processed Test Case: DRY
(I) @LINE: 49
    >>> Processing Test Case: RINSE
(S) @LINE: 53
    >>> Processed Test Case: RINSE
(I) @LINE: 59
    >>> Processing Test Case: STOP
(S) @LINE: 63
    >>> Processed Test Case: STOP
(I) @LINE: 69
    >>> Processing Test Case: WASH
(S) @LINE: 73
    >>> Processed Test Case: WASH
(I) @LINE: 81
    >>> Processing Test Case: applyPower.001
(S) @LINE: 84
    >>> Processed Test Case: applyPower.001
(I) @LINE: 92
    >>> Processing Test Case: turnOffPower.001
(S) @LINE: 95
    >>> Processed Test Case: turnOffPower.001
(I) @LINE: 101
    >>> Processing Test Case: COMPLETE_CYCLE
(E) @LINE: 102 TEST.END
    >>> There are no slots in compound test COMPLETE_CYCLE.
(S) @LINE: 102
    >>> Processed Test Case: COMPLETE_CYCLE
(S) @LINE: 103
    >>> Script processing completed
EXIT_CODE: 19
