COMMAND: C:/VCAST/enviroedg.exe C:/VCAST/Environments/Git_Test/MinGW_WorkDir/EndResults/build/1191757134/CBA_EXAMPLE.env
DIRECTORY: C:/VCAST/Environments/Git_Test/MinGW_WorkDir/EndResults/build/1191757134
TIME: 2021-03-30 14:21:15
TEST SUITE: VectorCAST_MinGW_C++/UnitTestSuiite
-----------------------------Process Environment------------------------------
VCAST_MANAGE_PROJECT_DIRECTORY=C:\VCAST\Environments\Git_Test\MinGW_WorkDir\EndResults
Path=C:\VCAST\MinGW\bin;C:\Program Files\Common Files\Oracle\Java\javapath;C:\WINDOWS\system32;C:\WINDOWS;C:\WINDOWS\System32\Wbem;C:\WINDOWS\System32\WindowsPowerShell\v1.0\;C:\WINDOWS\System32\OpenSSH\;C:\Program Files\Microsoft SQL Server\130\Tools\Binn\;C:\Program Files\Git\cmd;C:\Users\skim\Anaconda3;C:\Users\skim\Anaconda3\Library\mingw-w64\bin;C:\Users\skim\Anaconda3\Library\usr\bin;C:\Users\skim\Anaconda3\Library\bin;C:\Users\skim\Anaconda3\Scripts;C:\Users\skim\AppData\Local\Microsoft\WindowsApps;C:\Program Files (x86)\IAR Systems\Embedded Workbench 8.4\common\bin;C:\VCAST;
---------------------------End Process Environment----------------------------
**Environment Builder Version 20.sp6 (02/02/21)
    Processing options file c:\VCAST\Environments\Git_Test\MinGW_WorkDir\EndResults\build\1191757134\CCAST_.CFG
    Reading environment script "C:/VCAST/Environments/Git_Test/MinGW_WorkDir/EndResults/build/1191757134/CBA_EXAMPLE.env"
    Initializing search list
    Creating the Environment Directory
    Creating Environment "CBA_EXAMPLE"
    Unit 8 (not-stubbed): User Defined Globals
       Parsing 
        Running Command: C:/Users/skim\.vcastProcessMonitorLogs\1_Command
        Command Returned Exit Code: 0
        Running Command: C:/Users/skim\.vcastProcessMonitorLogs\2_Command
        Command Returned Exit Code: 0
       Initializing parse data
        Running Command: C:/Users/skim\.vcastProcessMonitorLogs\3_Command
        Command Returned Exit Code: 0
        Running Command: C:/Users/skim\.vcastProcessMonitorLogs\4_Command
        Command Returned Exit Code: 0
        Running Command: C:/Users/skim\.vcastProcessMonitorLogs\5_Command
        Command Returned Exit Code: 0
        Running Command: C:/Users/skim\.vcastProcessMonitorLogs\6_Command
        Command Returned Exit Code: 0
       Generating harness code
       Saving unit data
    Parsing cba_example
        Running Command: C:/Users/skim\.vcastProcessMonitorLogs\7_Command
        Command Returned Exit Code: 0
        Running Command: C:/Users/skim\.vcastProcessMonitorLogs\8_Command
        Command Returned Exit Code: 0
    Unit 9 (stub-by-function): cba_example
       Loading stored IL
       Initializing parse data
        Running Command: C:/Users/skim\.vcastProcessMonitorLogs\9_Command
        Command Returned Exit Code: 0
        Running Command: C:/Users/skim\.vcastProcessMonitorLogs\10_Command
        Command Returned Exit Code: 0
        Running Command: C:/Users/skim\.vcastProcessMonitorLogs\11_Command
        Command Returned Exit Code: 0
        Running Command: C:/Users/skim\.vcastProcessMonitorLogs\12_Command
        Command Returned Exit Code: 0
       Generating harness code
       Saving unit data
    Compiling file VECTORCAST_IO
        Running Command: C:/Users/skim\.vcastProcessMonitorLogs\13_Command
        Command Returned Exit Code: 0
    Compiling file User Defined Globals
        Running Command: C:/Users/skim\.vcastProcessMonitorLogs\14_Command
        Command Returned Exit Code: 0
        Running Command: C:/Users/skim\.vcastProcessMonitorLogs\15_Command
        Command Returned Exit Code: 0
        Running Command: C:/Users/skim\.vcastProcessMonitorLogs\16_Command
        Command Returned Exit Code: 0
        Running Command: C:/Users/skim\.vcastProcessMonitorLogs\17_Command
        Command Returned Exit Code: 0
    Compiling file Data File Number 1
        Running Command: C:/Users/skim\.vcastProcessMonitorLogs\18_Command
        Command Returned Exit Code: 0
    Compiling file Data File Number 2
        Running Command: C:/Users/skim\.vcastProcessMonitorLogs\19_Command
        Command Returned Exit Code: 0
    Compiling file Driver
        Running Command: C:/Users/skim\.vcastProcessMonitorLogs\20_Command
        Command Returned Exit Code: 0
    Compiling file User Defined Package
        Running Command: C:/Users/skim\.vcastProcessMonitorLogs\21_Command
        Command Returned Exit Code: 0
    Setting Up ISO-26262 (Automotive) Unit Level ASIL B/C Coverage
        Running Command: C:/Users/skim\.vcastProcessMonitorLogs\22_Command
        Command Returned Exit Code: 0
        Running Command: C:/Users/skim\.vcastProcessMonitorLogs\23_Command
        Command Returned Exit Code: 0
    Instrumenting file cba_example
    Compiling file cba_example
        Running Command: C:/Users/skim\.vcastProcessMonitorLogs\24_Command
        Command Returned Exit Code: 0
        Running Command: C:/Users/skim\.vcastProcessMonitorLogs\25_Command
        Command Returned Exit Code: 0
    Compiling file Data File Number 1
        Running Command: C:/Users/skim\.vcastProcessMonitorLogs\26_Command
        Command Returned Exit Code: 0
    Linking Instrumented Harness
        Running Command: C:/Users/skim\.vcastProcessMonitorLogs\27_Command
        Command Returned Exit Code: 0
    Coverage Initialized
    Writing VectorCAST Database Files to Disk
    Environment built Successfully
COMMAND: C:\VCAST\clicast.exe -e CBA_EXAMPLE -l CPLUSPLUS test script run C:/VCAST/Environments/Git_Test/MinGW_WorkDir/EndResults/build/1191757134/CBA_EXAMPLE.tst.tmp
DIRECTORY: C:/VCAST/Environments/Git_Test/MinGW_WorkDir/EndResults/build/1191757134
TIME: 2021-03-30 14:21:22
TEST SUITE: VectorCAST_MinGW_C++/UnitTestSuiite
-----------------------------Process Environment------------------------------
VCAST_MANAGE_PROJECT_DIRECTORY=C:\VCAST\Environments\Git_Test\MinGW_WorkDir\EndResults
Path=C:\VCAST\MinGW\bin;C:\Program Files\Common Files\Oracle\Java\javapath;C:\WINDOWS\system32;C:\WINDOWS;C:\WINDOWS\System32\Wbem;C:\WINDOWS\System32\WindowsPowerShell\v1.0\;C:\WINDOWS\System32\OpenSSH\;C:\Program Files\Microsoft SQL Server\130\Tools\Binn\;C:\Program Files\Git\cmd;C:\Users\skim\Anaconda3;C:\Users\skim\Anaconda3\Library\mingw-w64\bin;C:\Users\skim\Anaconda3\Library\usr\bin;C:\Users\skim\Anaconda3\Library\bin;C:\Users\skim\Anaconda3\Scripts;C:\Users\skim\AppData\Local\Microsoft\WindowsApps;C:\Program Files (x86)\IAR Systems\Embedded Workbench 8.4\common\bin;C:\VCAST;
---------------------------End Process Environment----------------------------
VectorCAST Copyright (C) 1993 - 2021
**Version 20.sp6 (02/02/21)
    Processing options file c:\VCAST\Environments\Git_Test\MinGW_WorkDir\EndResults\build\1191757134\CCAST_.CFG
    Opening Environment
    Determining Size/Range Information
    Opening Parameter/Global File
    Opening Types File
    Running Test with command: c:\VCAST\Environments\Git_Test\MinGW_WorkDir\EndResults\build\1191757134\CBA_EXAMPLE\UUT_INST.EXE
        Running Command: C:/Users/skim\.vcastProcessMonitorLogs\1_Command
        Command Returned Exit Code: 0
    Building Master Min Mid Max data.
    Opening Parameter/Global File
    Opening Types File
    Environment is Open
    Processing Script File
    Script Creation Completed
--------------------------------------------------------------------------------
Test Script Log
--------------------------------------------------------------------------------
(I) @LINE: 1
    >>> Opening script file C:\VCAST\Environments\Git_Test\MinGW_WorkDir\EndResults\build\1191757134\CBA_EXAMPLE.tst.tmp
(I) @LINE: 31
    >>> Processing Test Case: CAN
(S) @LINE: 40
    >>> Processed Test Case: CAN
(I) @LINE: 46
    >>> Processing Test Case: ENET
(S) @LINE: 54
    >>> Processed Test Case: ENET
(I) @LINE: 60
    >>> Processing Test Case: INVALID
(S) @LINE: 68
    >>> Processed Test Case: INVALID
(I) @LINE: 74
    >>> Processing Test Case: SERIAL
(S) @LINE: 82
    >>> Processed Test Case: SERIAL
(S) @LINE: 82
    >>> Script processing completed
COMMAND: C:\VCAST\clicast.exe -e CBA_EXAMPLE tools import_coverage C:/VCAST/Environments/Git_Test/MinGW_WorkDir/EndResults/environment/CBA_EXAMPLE/CBA_EXAMPLE_cba.cvr
DIRECTORY: C:/VCAST/Environments/Git_Test/MinGW_WorkDir/EndResults/build/1191757134
TIME: 2021-03-30 14:21:23
TEST SUITE: VectorCAST_MinGW_C++/UnitTestSuiite
-----------------------------Process Environment------------------------------
VCAST_MANAGE_PROJECT_DIRECTORY=C:\VCAST\Environments\Git_Test\MinGW_WorkDir\EndResults
Path=C:\VCAST\MinGW\bin;C:\Program Files\Common Files\Oracle\Java\javapath;C:\WINDOWS\system32;C:\WINDOWS;C:\WINDOWS\System32\Wbem;C:\WINDOWS\System32\WindowsPowerShell\v1.0\;C:\WINDOWS\System32\OpenSSH\;C:\Program Files\Microsoft SQL Server\130\Tools\Binn\;C:\Program Files\Git\cmd;C:\Users\skim\Anaconda3;C:\Users\skim\Anaconda3\Library\mingw-w64\bin;C:\Users\skim\Anaconda3\Library\usr\bin;C:\Users\skim\Anaconda3\Library\bin;C:\Users\skim\Anaconda3\Scripts;C:\Users\skim\AppData\Local\Microsoft\WindowsApps;C:\Program Files (x86)\IAR Systems\Embedded Workbench 8.4\common\bin;C:\VCAST;
---------------------------End Process Environment----------------------------
VectorCAST Copyright (C) 1993 - 2021
**Version 20.sp6 (02/02/21)
    Processing options file c:\VCAST\Environments\Git_Test\MinGW_WorkDir\EndResults\build\1191757134\CCAST_.CFG
    Opening Environment
    Opening Parameter/Global File
    Opening Types File
    Environment is Open
    Processing Coverage Import Script File
    Script Creation Completed
--------------------------------------------------------------------------------
Coverage Import/Export Log
--------------------------------------------------------------------------------
(S) @LINE: 1
    >>> Script processing started for C:\VCAST\Environments\Git_Test\MinGW_WorkDir\EndResults\environment\CBA_EXAMPLE\CBA_EXAMPLE_cba.cvr
(S) @LINE: 45
    >>> Source file matched cba_example.c
(S) @LINE: 106
    >>> File processing completed for C:\VCAST\Environments\Git_Test\MinGW_WorkDir\EndResults\environment\CBA_EXAMPLE\CBA_EXAMPLE_cba.cvr
