               enum e_shape {
                 CYLINDER,
                 CONE,
                 BOX,
               };
               extern int validShape ( enum e_shape shape, float x, float y, float z );
               float widthX =0;
               float lengthY =0;
               float heightZ =0;
               void setDimensions (float x, float y, float z) {
1 0     ( )    setDimensions
1 1              widthX = x;
1 2              lengthY = y;
1 3              heightZ = z;
               }
               float computeBaseArea ( enum e_shape shape ) {
                   float area, radius;
2 0     ( )    computeBaseArea
2 1     ( )( )   if (!validShape( shape, widthX, lengthY, heightZ ))
                   {
2 2                area = 0;
                   }
                   else
                   {
2 3                switch (shape) {
2 4     ( )          case BOX: 
2 5                    area = widthX * lengthY; 
2 6                    break;
2 7     ( )          case CONE: 
2 8                    radius = widthX/2; 
2 9                    area = 3.14159265 *(radius * radius); 
2 10                   break;
2 11    ( )          case CYLINDER: 
2 12                   radius = widthX/2; 
2 13                   area = 3.14159265 *(radius * radius); 
2 14                   break;
                       }
                   }
2 15             return area;
               }
               float computeVolume ( enum e_shape shape ) {
                   float volume, radius;
3 0     ( )    computeVolume
3 1     ( )( )   if (!validShape( shape, widthX, lengthY, heightZ ))
                   {
3 2                volume = 0;
                   }
                   else
                   {
3 3                switch (shape) {
3 4     ( )          case BOX: 
3 5                    volume = widthX * lengthY * heightZ; 
3 6                    break;
3 7     ( )          case CONE: 
3 8                    radius = widthX/2; 
3 9                    volume = (1/3)*heightZ * (3.14159265 *(radius * radius)); 
3 10                   break;
3 11    ( )          case CYLINDER: 
3 12                   radius = widthX/2; 
3 13                   volume = heightZ * (3.14159265 *(radius * radius)); 
3 14                   break;
                       }
3 15               volume = widthX * lengthY * heightZ;
                   }
3 16             return volume;
               }
               int Status;
               void partitionExample (
                    unsigned char numberOfIterations) {
4 0     ( )    partitionExample
4 1     ( )( )   if (numberOfIterations < 20)
4 2                Status = 1;
                   else 
4 3     ( )( )     if (numberOfIterations < 40)
4 4                  Status = 2;
                   else 
4 5     ( )( )       if (numberOfIterations < 60)
4 6                    Status = 3;
                   else 
4 7     ( )( )         if (numberOfIterations < 80)
4 8                      Status = 4;
                   else 
4 9     ( )( )           if (numberOfIterations < 100)
4 10                       Status = 5;
               }
               void someExternalFunctionA ();
               void someExternalFunctionB();
               void someExternalFunctionC();
               void someExternalFunctionD();
               void someExternalFunctionE();
               void controlFlowExample () {
5 0     ( )    controlFlowExample
5 1              someExternalFunctionA();
5 2              someExternalFunctionB();
5 3              someExternalFunctionC();
5 4              someExternalFunctionD();
5 5              someExternalFunctionE();
                   }
