               #include "C:/VCAST/Environments/Git_Test/SourceFiles/ctypes.h"
               #include "c:/vcast/mingw/include/stdio.h"
               #include "C:/VCAST/Environments/Git_Test/SourceFiles/database.h"
               /* Allow 10 Parties to wait */
               static name_type WaitingList[10];
               static unsigned int WaitingListSize = 0;
               static unsigned int WaitingListIndex = 0;
               const struct order_type NULL_ORDER =
                     {NO_SOUP, NO_SALAD, NO_ENTREE, NO_DESSERT, NO_BEVERAGE};
               /*
                *  This function adds in the tax & tip and returns a new check total
                *  It will either use the tax passed in as a user parameter, or it will
                *  use the global variable (default_tax) if it is non-zero.
                *
                */
               static int log_err_cnt=0;
               static float state_tax = .03;
               static float default_tax = .05;
               float Add_Tax_Tip( float check_total, float sales_tax, float tip )
               {
                   float new_total, tax;
                   int log_err;
1 0     ( )    Add_Tax_Tip
1 1     ( )( )   if (
1 1.1   ( )( )   sales_tax > 0)
                   {
1 2                tax = sales_tax;
                   }
                   else 
1 3     ( )( )     if (
1 3.1   ( )( )     sales_tax == 0)
                   {
1 4                  tax = default_tax;
                   }
                   else
                   {
1 5                  tax = 0;
                   }
1 6              log_err = log_tax_receipts( tax*check_total );
1 7     ( )( )   if (
1 7.1   ( )( )   log_err)
                   {
1 8                log_err_cnt++;
1 9                printf("\nError in Logging Tax Receipts\n");
                   }
1 10             new_total = check_total * (1 + tax + tip);
1 11             return( new_total );
               }
               /* This function will add a free dessert to specific orders based on the 
                  entree, salad, and beverage choice. */
               int Add_Included_Dessert(struct order_type* Order)
               {
                 static int rc;
2 0     ( )    Add_Included_Dessert
2 1              rc = 0; //Neither
2 2     ( )( )   if(
2 2.1   ( )( )   Order->Entree == STEAK &&
2 2.2   ( )( )   Order->Salad == CAESAR &&
2 2.3   ( )( )   Order->Beverage == MIXED_DRINK)
                 {
2 3                rc = 1;
2 4                Order->Dessert = PIE;
                 }
                 else 
2 5     ( )( )     if(
2 5.1   ( )( )     Order->Entree == LOBSTER &&
2 5.2   ( )( )     Order->Salad == GREEN &&
2 5.3   ( )( )     Order->Beverage == WINE)
                 {
2 6                  rc = 2;
2 7                  Order->Dessert = CAKE;
                 }
2 8              return(rc);
               }
               float Place_Order(table_index_type Table,
                               seat_index_type Seat,
                               struct order_type Order)
               {
                 struct table_data_type Table_Data;
                 struct table_data_type *Table_Bfr;
3 0     ( )    Place_Order
3 1              Table_Data = Get_Table_Record(Table);
3 2              Table_Data.Is_Occupied = v_true;
3 3              Table_Data.Number_In_Party = Table_Data.Number_In_Party + 1;
3 4              Table_Data.Order[Seat] = Order;
                 /* Add a free dessert in some cases */
3 5              Add_Included_Dessert(&Table_Data.Order[Seat]);
3 6              switch(Order.Entree)
                   {
3 7     ( )        case NO_ENTREE :
3 8                  break;
3 9     ( )        case STEAK :
3 10                 Table_Data.Check_Total = Table_Data.Check_Total + 14;
3 11                 break;
3 12    ( )        case CHICKEN :
3 13                 Table_Data.Check_Total = Table_Data.Check_Total + 10;
3 14                 break;
3 15    ( )        case LOBSTER :
3 16                 Table_Data.Check_Total = Table_Data.Check_Total + 18;
3 17                 break;
3 18    ( )        case PASTA :
3 19                 Table_Data.Check_Total = Table_Data.Check_Total + 12;
3 20                 break;
3 21    ( )        default:
3 22                 printf( "Invalid Entree: %d", Order.Entree);
3 23                 break;
                   }
3 24             Update_Table_Record(Table, Table_Data.Check_Total, Table_Data);
3 25             return (Table_Data.Check_Total);
               }
               int Clear_Table(table_index_type Table)
               {
                 struct table_data_type Table_Data;
                 seat_index_type Seat;
4 0     ( )    Clear_Table
4 1              Table_Data = Get_Table_Record(Table);
4 2              Table_Data.Is_Occupied = v_false;
4 3              Table_Data.Number_In_Party = 1;
4 4              printf("\nClear Table %d\n", Table);
4 5     ( )( )   for (Seat=0; 
4 5.1   ( )( )   Seat < 4; Seat++)
4 6                Table_Data.Order[Seat] = NULL_ORDER;
4 7              Table_Data.Check_Total = 0;
4 8              Update_Table_Record(Table, 0, Table_Data);
4 9              return 0;
               }
               float Get_Check_Total(table_index_type Table)
               {
                 struct table_data_type Table_Data;
5 0     ( )    Get_Check_Total
5 1              Table_Data = Get_Table_Record(Table);
5 2              return (Table_Data.Check_Total);
               }
               void Add_Party_To_Waiting_List(char* Name)
               {
6 0     ( )    Add_Party_To_Waiting_List
6 1              int i = 0;
6 2     ( )( )   if(
6 2.1   ( )( )   WaitingListSize > 9)
6 3                WaitingListSize = 0;
6 4     ( )( )   while(
6 4.1   ( )( )   Name && 
6 4.2   ( )( )   *Name) {
6 5                WaitingList[WaitingListSize][i++] = *Name;
6 6                Name++;
                 }
6 7              WaitingList[WaitingListSize++][i] = 0;
               }
               char* Get_Next_Party_To_Be_Seated(void)
               {
7 0     ( )    Get_Next_Party_To_Be_Seated
7 1     ( )( )   if(
7 1.1   ( )( )   WaitingListIndex > 9)
7 2                WaitingListIndex = 0;
7 3              return WaitingList[WaitingListIndex++];
               }
