    Processing options file c:\VCAST\Environments\Git_Test\MinGW_WorkDir\EndResults\build\1642031031\CCAST_.CFG
    Reading environment script "C:/VCAST/Environments/Git_Test/MinGW_WorkDir/EndResults/build/1642031031/MGR_UT1.env"
    Initializing search list
    Creating the Environment Directory
    Creating Environment "MGR_UT1"
    Unit 8 (not-stubbed): User Defined Globals
       Parsing 
       Initializing parse data
       Generating harness code
       Saving unit data
    Parsing manager
    Unit 9 (stub-by-function): manager
       Loading stored IL
       Initializing parse data
       Generating harness code
       Saving unit data
    Compiling file VECTORCAST_IO
    Compiling file User Defined Globals
    Compiling file Data File Number 1
    Compiling file Data File Number 2
    Compiling file Driver
    Compiling file User Defined Package
    Setting Up Statement+MC/DC Coverage
    Instrumenting file manager
    Compiling file manager
    Compiling file Data File Number 1
    Linking Instrumented Harness
    Coverage Initialized
    Writing VectorCAST Database Files to Disk
    Environment built Successfully
