(I) @LINE: 1
    >>> Opening script file C:\VCAST\Environments\Git_Test\MinGW_WorkDir\EndResults\build\1642031031\MGR_UT1.tst.tmp
(I) @LINE: 31
    >>> Processing Test Case: COND_1_ROW_1_PAIR_a_TTT
(S) @LINE: 47
    >>> Processed Test Case: COND_1_ROW_1_PAIR_a_TTT
(I) @LINE: 53
    >>> Processing Test Case: COND_1_ROW_2_PAIR_c_TTF
(S) @LINE: 69
    >>> Processed Test Case: COND_1_ROW_2_PAIR_c_TTF
(I) @LINE: 75
    >>> Processing Test Case: COND_1_ROW_3_PAIR_b_TFx
(S) @LINE: 91
    >>> Processed Test Case: COND_1_ROW_3_PAIR_b_TFx
(I) @LINE: 97
    >>> Processing Test Case: COND_1_ROW_5_PAIR_a_Fxx
(S) @LINE: 113
    >>> Processed Test Case: COND_1_ROW_5_PAIR_a_Fxx
(I) @LINE: 119
    >>> Processing Test Case: COND_2_ROW_1_PAIR_a_TTT
(S) @LINE: 136
    >>> Processed Test Case: COND_2_ROW_1_PAIR_a_TTT
(I) @LINE: 142
    >>> Processing Test Case: COND_2_ROW_2_PAIR_c_TTF
(S) @LINE: 159
    >>> Processed Test Case: COND_2_ROW_2_PAIR_c_TTF
(I) @LINE: 165
    >>> Processing Test Case: COND_2_ROW_3_PAIR_b_TFx
(S) @LINE: 182
    >>> Processed Test Case: COND_2_ROW_3_PAIR_b_TFx
(I) @LINE: 188
    >>> Processing Test Case: COND_2_ROW_5_PAIR_a_Fxx
(S) @LINE: 205
    >>> Processed Test Case: COND_2_ROW_5_PAIR_a_Fxx
(I) @LINE: 211
    >>> Processing Test Case: Cake
(S) @LINE: 218
    >>> Processed Test Case: Cake
(I) @LINE: 224
    >>> Processing Test Case: Neither
(S) @LINE: 230
    >>> Processed Test Case: Neither
(I) @LINE: 236
    >>> Processing Test Case: Pie
(S) @LINE: 243
    >>> Processed Test Case: Pie
(I) @LINE: 251
    >>> Processing Test Case: Add_Party_To_Waiting_List.001
(S) @LINE: 258
    >>> Processed Test Case: Add_Party_To_Waiting_List.001
(I) @LINE: 264
    >>> Processing Test Case: Add_Party_To_Waiting_List.002
(S) @LINE: 291
    >>> Processed Test Case: Add_Party_To_Waiting_List.002
(I) @LINE: 297
    >>> Processing Test Case: BASIS-PATH-001
(S) @LINE: 308
    >>> Processed Test Case: BASIS-PATH-001
(I) @LINE: 314
    >>> Processing Test Case: BASIS-PATH-002
(S) @LINE: 326
    >>> Processed Test Case: BASIS-PATH-002
(I) @LINE: 332
    >>> Processing Test Case: BASIS-PATH-003
(S) @LINE: 343
    >>> Processed Test Case: BASIS-PATH-003
(I) @LINE: 351
    >>> Processing Test Case: BASIS-PATH-001
(S) @LINE: 365
    >>> Processed Test Case: BASIS-PATH-001
(I) @LINE: 371
    >>> Processing Test Case: BASIS-PATH-002
(S) @LINE: 385
    >>> Processed Test Case: BASIS-PATH-002
(I) @LINE: 391
    >>> Processing Test Case: BASIS-PATH-003
(S) @LINE: 405
    >>> Processed Test Case: BASIS-PATH-003
(I) @LINE: 411
    >>> Processing Test Case: BASIS-PATH-004
(S) @LINE: 424
    >>> Processed Test Case: BASIS-PATH-004
(I) @LINE: 430
    >>> Processing Test Case: CheckStubValues
(S) @LINE: 443
    >>> Processed Test Case: CheckStubValues
(I) @LINE: 449
    >>> Processing Test Case: Normal
(S) @LINE: 456
    >>> Processed Test Case: Normal
(I) @LINE: 462
    >>> Processing Test Case: Normal.001
(S) @LINE: 472
    >>> Processed Test Case: Normal.001
(I) @LINE: 478
    >>> Processing Test Case: TenPercentTax
(S) @LINE: 486
    >>> Processed Test Case: TenPercentTax
(I) @LINE: 492
    >>> Processing Test Case: ZeroTax
(S) @LINE: 497
    >>> Processed Test Case: ZeroTax
(I) @LINE: 505
    >>> Processing Test Case: Clear_Table.001
(S) @LINE: 507
    >>> Processed Test Case: Clear_Table.001
(I) @LINE: 515
    >>> Processing Test Case: BASIS-PATH-001
(S) @LINE: 525
    >>> Warning: Setting data to out-of-range value.  The value 5 does not correspond to an enumeral value.
(S) @LINE: 526
    >>> Processed Test Case: BASIS-PATH-001
(I) @LINE: 532
    >>> Processing Test Case: BASIS-PATH-002
(S) @LINE: 543
    >>> Processed Test Case: BASIS-PATH-002
(I) @LINE: 549
    >>> Processing Test Case: BASIS-PATH-003
(S) @LINE: 560
    >>> Processed Test Case: BASIS-PATH-003
(I) @LINE: 566
    >>> Processing Test Case: BASIS-PATH-004
(S) @LINE: 577
    >>> Processed Test Case: BASIS-PATH-004
(I) @LINE: 583
    >>> Processing Test Case: BASIS-PATH-005
(S) @LINE: 594
    >>> Processed Test Case: BASIS-PATH-005
(I) @LINE: 600
    >>> Processing Test Case: BASIS-PATH-006
(S) @LINE: 611
    >>> Processed Test Case: BASIS-PATH-006
(I) @LINE: 617
    >>> Processing Test Case: Place_Order.002
(S) @LINE: 641
    >>> Processed Test Case: Place_Order.002
(I) @LINE: 647
    >>> Processing Test Case: <<COMPOUND>>.001
(E) @LINE: 648 TEST.END
    >>> There are no slots in compound test <<COMPOUND>>.001.
(S) @LINE: 648
    >>> Processed Test Case: <<COMPOUND>>.001
(S) @LINE: 649
    >>> Script processing completed
