(I) @LINE: 1
    >>> Opening script file C:\VCAST\Environments\Git_Test\MinGW_WorkDir\EndResults\build\4163591225\INLINES.tst.tmp
(I) @LINE: 29
    >>> Processing Test Case: BASIS-PATH-001
(S) @LINE: 34
    >>> Processed Test Case: BASIS-PATH-001
(I) @LINE: 42
    >>> Processing Test Case: BASIS-PATH-001
(S) @LINE: 48
    >>> Processed Test Case: BASIS-PATH-001
(I) @LINE: 56
    >>> Processing Test Case: BASIS-PATH-001
(S) @LINE: 61
    >>> Processed Test Case: BASIS-PATH-001
(I) @LINE: 69
    >>> Processing Test Case: BASIS-PATH-001
(S) @LINE: 76
    >>> Processed Test Case: BASIS-PATH-001
(I) @LINE: 84
    >>> Processing Test Case: BASIS-PATH-001
(S) @LINE: 95
    >>> Processed Test Case: BASIS-PATH-001
(I) @LINE: 101
    >>> Processing Test Case: BASIS-PATH-002
(S) @LINE: 112
    >>> Processed Test Case: BASIS-PATH-002
(I) @LINE: 120
    >>> Processing Test Case: BASIS-PATH-001
(S) @LINE: 125
    >>> Processed Test Case: BASIS-PATH-001
(S) @LINE: 125
    >>> Script processing completed
