COMMAND: C:/VCAST/enviroedg.exe C:/VCAST/Environments/Git_Test/MinGW_WorkDir/EndResults/build/3970274843/RGW_TEST.env
DIRECTORY: C:/VCAST/Environments/Git_Test/MinGW_WorkDir/EndResults/build/3970274843
TIME: 2021-04-05 15:34:57
TEST SUITE: VectorCAST_MinGW_C++/UnitTestSuiite
-----------------------------Process Environment------------------------------
Path=C:\VCAST\MinGW\bin;C:\Program Files\Common Files\Oracle\Java\javapath;C:\WINDOWS\system32;C:\WINDOWS;C:\WINDOWS\System32\Wbem;C:\WINDOWS\System32\WindowsPowerShell\v1.0\;C:\WINDOWS\System32\OpenSSH\;C:\Program Files\Microsoft SQL Server\130\Tools\Binn\;C:\Program Files\Git\cmd;C:\WINDOWS\system32\config\systemprofile\AppData\Local\Microsoft\WindowsApps
VCAST_MANAGE_PROJECT_DIRECTORY=C:\VCAST\Environments\Git_Test\MinGW_WorkDir\EndResults
---------------------------End Process Environment----------------------------
**Environment Builder Version 20.sp6 (02/02/21)
    Processing options file c:\VCAST\Environments\Git_Test\MinGW_WorkDir\EndResults\build\3970274843\CCAST_.CFG
    Reading environment script "C:/VCAST/Environments/Git_Test/MinGW_WorkDir/EndResults/build/3970274843/RGW_TEST.env"
    Initializing search list
    Creating the Environment Directory
    Creating Environment "RGW_TEST"
    Unit 8 (not-stubbed): User Defined Globals
       Parsing 
       Initializing parse data
       Generating harness code
       Saving unit data
    Parsing manager
    Unit 9 (stub-by-function): manager
       Loading stored IL
       Initializing parse data
       Generating harness code
       Saving unit data
    Compiling file VECTORCAST_IO
    Compiling file User Defined Globals
    Compiling file Data File Number 1
    Compiling file Data File Number 2
    Compiling file Driver
    Compiling file User Defined Package
    Setting Up Statement+Branch Coverage
    Instrumenting file manager
    Compiling file manager
    Compiling file Data File Number 1
    Linking Instrumented Harness
    Coverage Initialized
    Writing VectorCAST Database Files to Disk
    Environment built Successfully
COMMAND: C:\VCAST\clicast.exe -e RGW_TEST -l CPLUSPLUS test script convert C:/VCAST/Environments/Git_Test/MinGW_WorkDir/EndResults/build/3970274843/RGW_TEST.tst.tmp
DIRECTORY: C:/VCAST/Environments/Git_Test/MinGW_WorkDir/EndResults/build/3970274843
TIME: 2021-04-05 15:35:02
TEST SUITE: VectorCAST_MinGW_C++/UnitTestSuiite
-----------------------------Process Environment------------------------------
Path=C:\VCAST\MinGW\bin;C:\Program Files\Common Files\Oracle\Java\javapath;C:\WINDOWS\system32;C:\WINDOWS;C:\WINDOWS\System32\Wbem;C:\WINDOWS\System32\WindowsPowerShell\v1.0\;C:\WINDOWS\System32\OpenSSH\;C:\Program Files\Microsoft SQL Server\130\Tools\Binn\;C:\Program Files\Git\cmd;C:\WINDOWS\system32\config\systemprofile\AppData\Local\Microsoft\WindowsApps
VCAST_MANAGE_PROJECT_DIRECTORY=C:\VCAST\Environments\Git_Test\MinGW_WorkDir\EndResults
---------------------------End Process Environment----------------------------
VectorCAST Copyright (C) 1993 - 2021
**Version 20.sp6 (02/02/21)
    Processing options file c:\VCAST\Environments\Git_Test\MinGW_WorkDir\EndResults\build\3970274843\CCAST_.CFG
    Opening Environment
    Could not find the Requirements Repository at location specified in VCAST_REPOSITORY:
'C:\VCAST\Training\SourceFiles\SupportFiles'.
This path is invalid, so VCAST_REPOSITORY has been unset.
Please initialize the Requirements Repository again using the RGW GUI,
or by using the 'clicast RGW Initialize' command.
    Determining Size/Range Information
    Opening Parameter/Global File
    Opening Types File
    Running Test with command: c:\VCAST\Environments\Git_Test\MinGW_WorkDir\EndResults\build\3970274843\RGW_TEST\UUT_INST.EXE
    Building Master Min Mid Max data.
    Opening Parameter/Global File
    Opening Types File
    Environment is Open
    Processing Script File
    Test Script Maintenance Started
    Test Script Maintenance Complete (0)
    Translated 0 script lines
    Script Creation Completed
--------------------------------------------------------------------------------
Test Script Log
--------------------------------------------------------------------------------
(I) @LINE: 1
    >>> Opening script file C:\VCAST\Environments\Git_Test\MinGW_WorkDir\EndResults\build\3970274843\RGW_TEST.tst.tmp
(I) @LINE: 29
    >>> Processing Test Case: SteakOrder
(E) @LINE: 30 TEST.REQUIREMENT_KEY:FR13
    >>> Requirement with Key 'FR13' does not exist in the Repository.
(E) @LINE: 31 TEST.REQUIREMENT_KEY:FR17
    >>> Requirement with Key 'FR17' does not exist in the Repository.
(S) @LINE: 36
    >>> Processed Test Case: SteakOrder
(S) @LINE: 36
    >>> Script processing completed
EXIT_CODE: 19
