COMMAND: C:\VCAST\clicast.exe -e RGW_TEST -l CPLUSPLUS execute incremental
DIRECTORY: C:/VCAST/Environments/Git_Test/MinGW_WorkDir/EndResults/build/3970274843
TIME: 2021-04-05 15:35:03
TEST SUITE: VectorCAST_MinGW_C++/UnitTestSuiite
-----------------------------Process Environment------------------------------
Path=C:\VCAST\MinGW\bin;C:\Program Files\Common Files\Oracle\Java\javapath;C:\WINDOWS\system32;C:\WINDOWS;C:\WINDOWS\System32\Wbem;C:\WINDOWS\System32\WindowsPowerShell\v1.0\;C:\WINDOWS\System32\OpenSSH\;C:\Program Files\Microsoft SQL Server\130\Tools\Binn\;C:\Program Files\Git\cmd;C:\WINDOWS\system32\config\systemprofile\AppData\Local\Microsoft\WindowsApps
VCAST_MANAGE_PROJECT_DIRECTORY=C:\VCAST\Environments\Git_Test\MinGW_WorkDir\EndResults
---------------------------End Process Environment----------------------------
VectorCAST Copyright (C) 1993 - 2021
**Version 20.sp6 (02/02/21)
    Processing options file c:\VCAST\Environments\Git_Test\MinGW_WorkDir\EndResults\build\3970274843\CCAST_.CFG
    Opening Environment
    Could not find the Requirements Repository at location specified in VCAST_REPOSITORY:
'C:\VCAST\Training\SourceFiles\SupportFiles'.
This path is invalid, so VCAST_REPOSITORY has been unset.
Please initialize the Requirements Repository again using the RGW GUI,
or by using the 'clicast RGW Initialize' command.
    Opening Parameter/Global File
    Opening Types File
    Environment is Open
    Running all manager.Place_Order test cases
    Running: SteakOrder
    Preparing Test Data
    Running Test Case
    Running Test with command: c:\VCAST\Environments\Git_Test\MinGW_WorkDir\EndResults\build\3970274843\RGW_TEST\UUT_INST.EXE
    Processing Execution Data
    Updating Coverage Data
    Test Execution Complete
    Completed Incremental Execution processing
